Using device: cuda
NVIDIA H200
Memory Usage:
Allocated: 0.0 GB
Cached:    0.0 GB
torch.Size([20075, 1, 14, 30]) torch.Size([20075, 1, 56, 120]) torch.Size([34675, 1, 14, 30]) torch.Size([34675, 1, 56, 120])
Epoch: 0 | Train loss: 3512.90371 | Test loss: 1262.77234
Epoch: 1 | Train loss: 871.41995 | Test loss: 473.73010
Epoch: 2 | Train loss: 219.18237 | Test loss: 93.76874
Epoch: 3 | Train loss: 35.10701 | Test loss: 38.21758
Epoch: 4 | Train loss: 16.02450 | Test loss: 19.38114
Epoch: 5 | Train loss: 13.91179 | Test loss: 8.09490
Epoch: 6 | Train loss: 12.86374 | Test loss: 8.74638
Epoch: 7 | Train loss: 12.36801 | Test loss: 8.62332
Epoch: 8 | Train loss: 11.44021 | Test loss: 6.09576
Epoch: 9 | Train loss: 11.55888 | Test loss: 9.84645
Epoch: 10 | Train loss: 11.25615 | Test loss: 16.70238
Epoch: 11 | Train loss: 10.53300 | Test loss: 11.99507
Epoch: 12 | Train loss: 11.07136 | Test loss: 15.35258
Epoch: 13 | Train loss: 10.03370 | Test loss: 13.18639
Epoch: 14 | Train loss: 9.94177 | Test loss: 6.85934
Epoch: 15 | Train loss: 9.78262 | Test loss: 6.39729
Epoch: 16 | Train loss: 9.52108 | Test loss: 9.42809
Epoch: 17 | Train loss: 10.23195 | Test loss: 6.29640
Epoch: 18 | Train loss: 8.59929 | Test loss: 6.26541
Epoch: 19 | Train loss: 9.86593 | Test loss: 15.62783
Epoch: 20 | Train loss: 9.24378 | Test loss: 7.86755
Epoch: 21 | Train loss: 9.55654 | Test loss: 7.84256
Epoch: 22 | Train loss: 8.77809 | Test loss: 15.93084
Epoch: 23 | Train loss: 9.12704 | Test loss: 6.23290
Epoch: 24 | Train loss: 8.61943 | Test loss: 6.08131
Epoch: 25 | Train loss: 8.70901 | Test loss: 11.38048
Epoch: 26 | Train loss: 8.82314 | Test loss: 5.87499
Epoch: 27 | Train loss: 8.29533 | Test loss: 6.14805
Epoch: 28 | Train loss: 8.58734 | Test loss: 5.76990
Epoch: 29 | Train loss: 8.46722 | Test loss: 7.76424
Epoch: 30 | Train loss: 8.46979 | Test loss: 7.28968
Epoch: 31 | Train loss: 7.88782 | Test loss: 8.14430
Epoch: 32 | Train loss: 9.04769 | Test loss: 9.36344
Epoch: 33 | Train loss: 7.69440 | Test loss: 10.11173
Epoch: 34 | Train loss: 8.64370 | Test loss: 6.70911
Epoch: 35 | Train loss: 8.16376 | Test loss: 6.75757
Epoch: 36 | Train loss: 8.47935 | Test loss: 8.25084
Epoch: 37 | Train loss: 7.35478 | Test loss: 5.81611
Epoch: 38 | Train loss: 7.77468 | Test loss: 8.68807
Epoch: 39 | Train loss: 8.11409 | Test loss: 10.29873
Epoch: 40 | Train loss: 7.88782 | Test loss: 5.79639
Epoch: 41 | Train loss: 7.68931 | Test loss: 6.41961
Epoch: 42 | Train loss: 7.41679 | Test loss: 6.79707
Epoch: 43 | Train loss: 7.85061 | Test loss: 5.93287
Epoch: 44 | Train loss: 7.86522 | Test loss: 5.66796
Epoch: 45 | Train loss: 7.32972 | Test loss: 6.08501
Epoch: 46 | Train loss: 7.16573 | Test loss: 6.65156
Epoch: 47 | Train loss: 7.84576 | Test loss: 5.94980
Epoch: 48 | Train loss: 7.50107 | Test loss: 5.95462
Epoch: 49 | Train loss: 7.28615 | Test loss: 7.64199
Epoch: 50 | Train loss: 6.96442 | Test loss: 9.46632
Epoch: 51 | Train loss: 7.41685 | Test loss: 5.31011
Epoch: 52 | Train loss: 6.97040 | Test loss: 5.22191
Epoch: 53 | Train loss: 7.26392 | Test loss: 9.46362
Epoch: 54 | Train loss: 7.51014 | Test loss: 6.11470
Epoch: 55 | Train loss: 6.79458 | Test loss: 5.08214
Epoch: 56 | Train loss: 7.02732 | Test loss: 15.04116
Epoch: 57 | Train loss: 7.07963 | Test loss: 5.29990
Epoch: 58 | Train loss: 6.94759 | Test loss: 5.58688
Epoch: 59 | Train loss: 7.27315 | Test loss: 5.40264
Epoch: 60 | Train loss: 6.93543 | Test loss: 4.92564
Epoch: 61 | Train loss: 6.61383 | Test loss: 6.44755
Epoch: 62 | Train loss: 6.99875 | Test loss: 5.57260
Epoch: 63 | Train loss: 6.75461 | Test loss: 5.97622
Epoch: 64 | Train loss: 6.47059 | Test loss: 7.69107
Epoch: 65 | Train loss: 7.32736 | Test loss: 9.22075
Epoch: 66 | Train loss: 6.33857 | Test loss: 5.09683
Epoch: 67 | Train loss: 6.68043 | Test loss: 5.25614
Epoch: 68 | Train loss: 6.74262 | Test loss: 5.18071
Epoch: 69 | Train loss: 6.79385 | Test loss: 7.33594
Epoch: 70 | Train loss: 6.54205 | Test loss: 5.07048
Epoch: 71 | Train loss: 6.72566 | Test loss: 5.04754
Epoch: 72 | Train loss: 6.66642 | Test loss: 5.23249
Epoch: 73 | Train loss: 6.63375 | Test loss: 5.72707
Epoch: 74 | Train loss: 6.53142 | Test loss: 6.60815
Epoch: 75 | Train loss: 6.53973 | Test loss: 8.28686
Epoch: 76 | Train loss: 6.71488 | Test loss: 8.85261
Epoch: 77 | Train loss: 6.37249 | Test loss: 6.72161
Epoch: 78 | Train loss: 6.37329 | Test loss: 5.05001
Epoch: 79 | Train loss: 6.24667 | Test loss: 6.93036
Epoch: 80 | Train loss: 6.44693 | Test loss: 7.85176
Epoch: 81 | Train loss: 6.80750 | Test loss: 5.71919
Epoch: 82 | Train loss: 6.18846 | Test loss: 13.41183
Epoch: 83 | Train loss: 6.33689 | Test loss: 6.77531
Epoch: 84 | Train loss: 6.31801 | Test loss: 6.47462
Epoch: 85 | Train loss: 6.21957 | Test loss: 7.86655
Epoch: 86 | Train loss: 6.64052 | Test loss: 11.34313
Epoch: 87 | Train loss: 6.12550 | Test loss: 7.74821
Epoch: 88 | Train loss: 6.61243 | Test loss: 4.83571
Epoch: 89 | Train loss: 6.04057 | Test loss: 5.68613
Epoch: 90 | Train loss: 6.10996 | Test loss: 5.64889
Epoch: 91 | Train loss: 6.14190 | Test loss: 6.26635
Epoch: 92 | Train loss: 6.34951 | Test loss: 11.06051
Epoch: 93 | Train loss: 6.27134 | Test loss: 5.91465
Epoch: 94 | Train loss: 6.15561 | Test loss: 5.28068
Epoch: 95 | Train loss: 6.24742 | Test loss: 6.43165
Epoch: 96 | Train loss: 6.01855 | Test loss: 6.98555
Epoch: 97 | Train loss: 6.19686 | Test loss: 4.93318
Epoch: 98 | Train loss: 6.04634 | Test loss: 7.41299
Epoch: 99 | Train loss: 6.09861 | Test loss: 8.30976
Epoch: 100 | Train loss: 6.01900 | Test loss: 5.42162
Epoch: 101 | Train loss: 6.01102 | Test loss: 8.71320
Epoch: 102 | Train loss: 5.95087 | Test loss: 4.70220
Epoch: 103 | Train loss: 5.97084 | Test loss: 6.51094
Epoch: 104 | Train loss: 6.29710 | Test loss: 4.84874
Epoch: 105 | Train loss: 5.98036 | Test loss: 5.20934
Epoch: 106 | Train loss: 5.87799 | Test loss: 7.77180
Epoch: 107 | Train loss: 5.99065 | Test loss: 5.96079
Epoch: 108 | Train loss: 5.89102 | Test loss: 5.15602
Epoch: 109 | Train loss: 5.92007 | Test loss: 5.40581
Epoch: 110 | Train loss: 5.83814 | Test loss: 8.30662
Epoch: 111 | Train loss: 5.78022 | Test loss: 6.14900
Epoch: 112 | Train loss: 5.92281 | Test loss: 5.75954
Epoch: 113 | Train loss: 5.58282 | Test loss: 10.10629
Epoch: 114 | Train loss: 5.95364 | Test loss: 6.31626
Epoch: 115 | Train loss: 5.70854 | Test loss: 5.46317
Epoch: 116 | Train loss: 5.79791 | Test loss: 4.64285
Epoch: 117 | Train loss: 5.77047 | Test loss: 9.92141
Epoch: 118 | Train loss: 5.92774 | Test loss: 5.75000
Epoch: 119 | Train loss: 5.79803 | Test loss: 5.64821
Epoch: 120 | Train loss: 5.57917 | Test loss: 4.88757
Epoch: 121 | Train loss: 5.59306 | Test loss: 4.76272
Epoch: 122 | Train loss: 5.81442 | Test loss: 5.81768
Epoch: 123 | Train loss: 5.63084 | Test loss: 8.09487
Epoch: 124 | Train loss: 5.83191 | Test loss: 6.19665
Epoch: 125 | Train loss: 5.69200 | Test loss: 6.87864
Epoch: 126 | Train loss: 5.85819 | Test loss: 15.06138
Epoch: 127 | Train loss: 5.66615 | Test loss: 4.76968
Epoch: 128 | Train loss: 5.44779 | Test loss: 5.18558
Epoch: 129 | Train loss: 5.55899 | Test loss: 5.23842
Epoch: 130 | Train loss: 5.71789 | Test loss: 5.64791
Epoch: 131 | Train loss: 5.54054 | Test loss: 6.37376
Epoch: 132 | Train loss: 5.59765 | Test loss: 4.50956
Epoch: 133 | Train loss: 5.36596 | Test loss: 7.29368
Epoch: 134 | Train loss: 5.48487 | Test loss: 4.47322
Epoch: 135 | Train loss: 5.53382 | Test loss: 6.59977
Epoch: 136 | Train loss: 5.54925 | Test loss: 10.00331
Epoch: 137 | Train loss: 5.35287 | Test loss: 5.52860
Epoch: 138 | Train loss: 5.50062 | Test loss: 4.77121
Epoch: 139 | Train loss: 5.42108 | Test loss: 4.85934
Epoch: 140 | Train loss: 5.47916 | Test loss: 7.30087
Epoch: 141 | Train loss: 5.31350 | Test loss: 4.57658
Epoch: 142 | Train loss: 5.29509 | Test loss: 4.59824
Epoch: 143 | Train loss: 5.43585 | Test loss: 4.60840
Epoch: 144 | Train loss: 5.35487 | Test loss: 5.52026
Epoch: 145 | Train loss: 5.29339 | Test loss: 9.74057
Epoch: 146 | Train loss: 5.36791 | Test loss: 4.93194
Epoch: 147 | Train loss: 5.26984 | Test loss: 4.57659
Epoch: 148 | Train loss: 5.22817 | Test loss: 4.67237
Epoch: 149 | Train loss: 5.51553 | Test loss: 5.43943
Epoch: 150 | Train loss: 5.30213 | Test loss: 4.68918
Epoch: 151 | Train loss: 5.19573 | Test loss: 5.11059
Epoch: 152 | Train loss: 5.23742 | Test loss: 7.06168
Epoch: 153 | Train loss: 5.32766 | Test loss: 7.54952
Epoch: 154 | Train loss: 5.25968 | Test loss: 5.90219
Epoch: 155 | Train loss: 5.18179 | Test loss: 4.36044
Epoch: 156 | Train loss: 5.13359 | Test loss: 5.06534
Epoch: 157 | Train loss: 5.26705 | Test loss: 4.27435
Epoch: 158 | Train loss: 5.11360 | Test loss: 6.47351
Epoch: 159 | Train loss: 5.14892 | Test loss: 4.56908
Epoch: 160 | Train loss: 5.12822 | Test loss: 4.57512
Epoch: 161 | Train loss: 5.24876 | Test loss: 5.96871
Epoch: 162 | Train loss: 5.16316 | Test loss: 4.80110
Epoch: 163 | Train loss: 4.98353 | Test loss: 5.58433
Epoch: 164 | Train loss: 5.02733 | Test loss: 5.87586
Epoch: 165 | Train loss: 5.10215 | Test loss: 6.71853
Epoch: 166 | Train loss: 5.08758 | Test loss: 4.61548
Epoch: 167 | Train loss: 5.00060 | Test loss: 4.61056
Epoch: 168 | Train loss: 5.09381 | Test loss: 4.29093
Epoch: 169 | Train loss: 4.96065 | Test loss: 4.56730
Epoch: 170 | Train loss: 5.07925 | Test loss: 4.80369
Epoch: 171 | Train loss: 4.95523 | Test loss: 5.66950
Epoch: 172 | Train loss: 5.01371 | Test loss: 5.13937
Epoch: 173 | Train loss: 5.03431 | Test loss: 4.40536
Epoch: 174 | Train loss: 5.04475 | Test loss: 4.50637
Epoch: 175 | Train loss: 4.91436 | Test loss: 4.45684
Epoch: 176 | Train loss: 4.98759 | Test loss: 5.12142
Epoch: 177 | Train loss: 5.02216 | Test loss: 4.28486
Epoch: 178 | Train loss: 4.96038 | Test loss: 6.43381
Epoch: 179 | Train loss: 4.81379 | Test loss: 4.27480
Epoch: 180 | Train loss: 4.97041 | Test loss: 5.17151
Epoch: 181 | Train loss: 4.92617 | Test loss: 4.42109
Epoch: 182 | Train loss: 4.96909 | Test loss: 5.31394
Epoch: 183 | Train loss: 4.84619 | Test loss: 6.41631
Epoch: 184 | Train loss: 4.89290 | Test loss: 4.78539
Epoch: 185 | Train loss: 4.86919 | Test loss: 4.73760
Epoch: 186 | Train loss: 4.79479 | Test loss: 4.45948
Epoch: 187 | Train loss: 4.92620 | Test loss: 4.46472
Epoch: 188 | Train loss: 4.88232 | Test loss: 4.22240
Epoch: 189 | Train loss: 4.79846 | Test loss: 6.90249
Epoch: 190 | Train loss: 4.86376 | Test loss: 4.28246
Epoch: 191 | Train loss: 4.85739 | Test loss: 4.61735
Epoch: 192 | Train loss: 4.94111 | Test loss: 4.41650
Epoch: 193 | Train loss: 4.71516 | Test loss: 4.28485
Epoch: 194 | Train loss: 4.78010 | Test loss: 4.83416
Epoch: 195 | Train loss: 4.82605 | Test loss: 4.88075
Epoch: 196 | Train loss: 4.78298 | Test loss: 5.06261
Epoch: 197 | Train loss: 4.80977 | Test loss: 4.99301
Epoch: 198 | Train loss: 4.76473 | Test loss: 4.43864
Epoch: 199 | Train loss: 4.78601 | Test loss: 4.33348
Epoch: 200 | Train loss: 4.72638 | Test loss: 4.37916
Epoch: 201 | Train loss: 4.67955 | Test loss: 4.16615
Epoch: 202 | Train loss: 4.71013 | Test loss: 4.18363
Epoch: 203 | Train loss: 4.71799 | Test loss: 4.35554
Epoch: 204 | Train loss: 4.75255 | Test loss: 4.20756
Epoch: 205 | Train loss: 4.70846 | Test loss: 4.57850
Epoch: 206 | Train loss: 4.75222 | Test loss: 4.42999
Epoch: 207 | Train loss: 4.79321 | Test loss: 4.61018
Epoch: 208 | Train loss: 4.64048 | Test loss: 4.14479
Epoch: 209 | Train loss: 4.60778 | Test loss: 5.33478
Epoch: 210 | Train loss: 4.60761 | Test loss: 4.19475
Epoch: 211 | Train loss: 4.73499 | Test loss: 4.74682
Epoch: 212 | Train loss: 4.67835 | Test loss: 4.43670
Epoch: 213 | Train loss: 4.67527 | Test loss: 4.23173
Epoch: 214 | Train loss: 4.60760 | Test loss: 4.11850
Epoch: 215 | Train loss: 4.67213 | Test loss: 4.19574
Epoch: 216 | Train loss: 4.60526 | Test loss: 4.26380
Epoch: 217 | Train loss: 4.64382 | Test loss: 4.50794
Epoch: 218 | Train loss: 4.59121 | Test loss: 4.55952
Epoch: 219 | Train loss: 4.68489 | Test loss: 4.54198
Epoch: 220 | Train loss: 4.59489 | Test loss: 6.47025
Epoch: 221 | Train loss: 4.65282 | Test loss: 4.14415
Epoch: 222 | Train loss: 4.62826 | Test loss: 5.15179
Epoch: 223 | Train loss: 4.51805 | Test loss: 4.20342
Epoch: 224 | Train loss: 4.54090 | Test loss: 4.21193
Epoch: 225 | Train loss: 4.57842 | Test loss: 4.17854
Epoch: 226 | Train loss: 4.61655 | Test loss: 4.35598
Epoch: 227 | Train loss: 4.54547 | Test loss: 4.29212
Epoch: 228 | Train loss: 4.57178 | Test loss: 4.59928
Epoch: 229 | Train loss: 4.61464 | Test loss: 4.65153
Epoch: 230 | Train loss: 4.53565 | Test loss: 4.34927
Epoch: 231 | Train loss: 4.51624 | Test loss: 4.03905
Epoch: 232 | Train loss: 4.47309 | Test loss: 5.88904
Epoch: 233 | Train loss: 4.54623 | Test loss: 4.28413
Epoch: 234 | Train loss: 4.48927 | Test loss: 4.39897
Epoch: 235 | Train loss: 4.47189 | Test loss: 4.16338
Epoch: 236 | Train loss: 4.49326 | Test loss: 4.36787
Epoch: 237 | Train loss: 4.44531 | Test loss: 4.08612
Epoch: 238 | Train loss: 4.48083 | Test loss: 5.01430
Epoch: 239 | Train loss: 4.48276 | Test loss: 4.52909
Epoch: 240 | Train loss: 4.50344 | Test loss: 4.28939
Epoch: 241 | Train loss: 4.46649 | Test loss: 4.10492
Epoch: 242 | Train loss: 4.54062 | Test loss: 4.26535
Epoch: 243 | Train loss: 4.43150 | Test loss: 4.95069
Epoch: 244 | Train loss: 4.43998 | Test loss: 5.04195
Epoch: 245 | Train loss: 4.49386 | Test loss: 4.19349
Epoch: 246 | Train loss: 4.44315 | Test loss: 4.35416
Epoch: 247 | Train loss: 4.40263 | Test loss: 4.15114
Epoch: 248 | Train loss: 4.36807 | Test loss: 4.10389
Epoch: 249 | Train loss: 4.45952 | Test loss: 4.37867
Epoch: 250 | Train loss: 4.36358 | Test loss: 4.44146
Epoch: 251 | Train loss: 4.39125 | Test loss: 4.18170
Epoch: 252 | Train loss: 4.47441 | Test loss: 4.33582
Epoch: 253 | Train loss: 4.36697 | Test loss: 4.08625
Epoch: 254 | Train loss: 4.42936 | Test loss: 4.51244
Epoch: 255 | Train loss: 4.43441 | Test loss: 4.27228
Epoch: 256 | Train loss: 4.36277 | Test loss: 4.28745
Epoch: 257 | Train loss: 4.37090 | Test loss: 4.26566
Epoch: 258 | Train loss: 4.37101 | Test loss: 4.52433
Epoch: 259 | Train loss: 4.38312 | Test loss: 4.11764
Epoch: 260 | Train loss: 4.33937 | Test loss: 4.27056
Epoch: 261 | Train loss: 4.41622 | Test loss: 4.04097
Epoch: 262 | Train loss: 4.31871 | Test loss: 4.26580
Epoch: 263 | Train loss: 4.34439 | Test loss: 3.99908
Epoch: 264 | Train loss: 4.34089 | Test loss: 5.18646
Epoch: 265 | Train loss: 4.32078 | Test loss: 4.13282
Epoch: 266 | Train loss: 4.27572 | Test loss: 4.21173
Epoch: 267 | Train loss: 4.33528 | Test loss: 4.02829
Epoch: 268 | Train loss: 4.30765 | Test loss: 4.07015
Epoch: 269 | Train loss: 4.28930 | Test loss: 4.09046
Epoch: 270 | Train loss: 4.32620 | Test loss: 4.68262
Epoch: 271 | Train loss: 4.30728 | Test loss: 6.22396
Epoch: 272 | Train loss: 4.28777 | Test loss: 4.09584
Epoch: 273 | Train loss: 4.33580 | Test loss: 4.02774
Epoch: 274 | Train loss: 4.23816 | Test loss: 4.65056
Epoch: 275 | Train loss: 4.27878 | Test loss: 4.24682
Epoch: 276 | Train loss: 4.36291 | Test loss: 4.08666
Epoch: 277 | Train loss: 4.22281 | Test loss: 4.12207
Epoch: 278 | Train loss: 4.31673 | Test loss: 3.98411
Epoch: 279 | Train loss: 4.26428 | Test loss: 4.08298
Epoch: 280 | Train loss: 4.26868 | Test loss: 4.37210
Epoch: 281 | Train loss: 4.22139 | Test loss: 4.02781
Epoch: 282 | Train loss: 4.24184 | Test loss: 4.47976
Epoch: 283 | Train loss: 4.20925 | Test loss: 4.11170
Epoch: 284 | Train loss: 4.27015 | Test loss: 4.15877
Epoch: 285 | Train loss: 4.22536 | Test loss: 4.09975
Epoch: 286 | Train loss: 4.25298 | Test loss: 4.17897
Epoch: 287 | Train loss: 4.16716 | Test loss: 4.08097
Epoch: 288 | Train loss: 4.29011 | Test loss: 4.22056
Epoch: 289 | Train loss: 4.17562 | Test loss: 4.03458
Epoch: 290 | Train loss: 4.23217 | Test loss: 4.06281
Epoch: 291 | Train loss: 4.19851 | Test loss: 4.03297
Epoch: 292 | Train loss: 4.18519 | Test loss: 4.03599
Epoch: 293 | Train loss: 4.17474 | Test loss: 4.45805
Epoch: 294 | Train loss: 4.15783 | Test loss: 4.13966
Epoch: 295 | Train loss: 4.16876 | Test loss: 4.08012
Epoch: 296 | Train loss: 4.23360 | Test loss: 4.03838
Epoch: 297 | Train loss: 4.13772 | Test loss: 3.99876
Epoch: 298 | Train loss: 4.16365 | Test loss: 4.01625
Epoch: 299 | Train loss: 4.18385 | Test loss: 4.03308
Epoch: 300 | Train loss: 4.17924 | Test loss: 4.00980
Epoch: 301 | Train loss: 4.18420 | Test loss: 4.14923
Epoch: 302 | Train loss: 4.15221 | Test loss: 4.20607
Epoch: 303 | Train loss: 4.14757 | Test loss: 4.00574
Epoch: 304 | Train loss: 4.13795 | Test loss: 4.50919
Epoch: 305 | Train loss: 4.13887 | Test loss: 3.96216
Epoch: 306 | Train loss: 4.11968 | Test loss: 4.37151
Epoch: 307 | Train loss: 4.16429 | Test loss: 3.96595
Epoch: 308 | Train loss: 4.15300 | Test loss: 3.99543
Epoch: 309 | Train loss: 4.10100 | Test loss: 4.13020
Epoch: 310 | Train loss: 4.11561 | Test loss: 3.97587
Epoch: 311 | Train loss: 4.15229 | Test loss: 3.98794
Epoch: 312 | Train loss: 4.11553 | Test loss: 3.97920
Epoch: 313 | Train loss: 4.10690 | Test loss: 4.12424
Epoch: 314 | Train loss: 4.08974 | Test loss: 4.21812
Epoch: 315 | Train loss: 4.09754 | Test loss: 4.03373
Epoch: 316 | Train loss: 4.09533 | Test loss: 4.24157
Epoch: 317 | Train loss: 4.09813 | Test loss: 4.14487
Epoch: 318 | Train loss: 4.08418 | Test loss: 4.11672
Epoch: 319 | Train loss: 4.08979 | Test loss: 4.19869
Epoch: 320 | Train loss: 4.09127 | Test loss: 3.97639
Epoch: 321 | Train loss: 4.07770 | Test loss: 4.08614
Epoch: 322 | Train loss: 4.06087 | Test loss: 3.93480
Epoch: 323 | Train loss: 4.08642 | Test loss: 3.97971
Epoch: 324 | Train loss: 4.04591 | Test loss: 4.49567
Epoch: 325 | Train loss: 4.07216 | Test loss: 4.05685
Epoch: 326 | Train loss: 4.04892 | Test loss: 4.05818
Epoch: 327 | Train loss: 4.10973 | Test loss: 4.02048
Epoch: 328 | Train loss: 4.04651 | Test loss: 3.93659
Epoch: 329 | Train loss: 4.03664 | Test loss: 4.01279
Epoch: 330 | Train loss: 4.06704 | Test loss: 4.12220
Epoch: 331 | Train loss: 4.04558 | Test loss: 4.02076
Epoch: 332 | Train loss: 4.04575 | Test loss: 3.98714
Epoch: 333 | Train loss: 4.04054 | Test loss: 4.37702
Epoch: 334 | Train loss: 4.04780 | Test loss: 4.03451
Epoch: 335 | Train loss: 4.02009 | Test loss: 3.90228
Epoch: 336 | Train loss: 4.03017 | Test loss: 3.97342
Epoch: 337 | Train loss: 4.01709 | Test loss: 3.89105
Epoch: 338 | Train loss: 4.02082 | Test loss: 4.09410
Epoch: 339 | Train loss: 4.02879 | Test loss: 4.06750
Epoch: 340 | Train loss: 4.01390 | Test loss: 4.02482
Epoch: 341 | Train loss: 4.01116 | Test loss: 4.08210
Epoch: 342 | Train loss: 3.99798 | Test loss: 4.10658
Epoch: 343 | Train loss: 4.00457 | Test loss: 4.24970
Epoch: 344 | Train loss: 4.00921 | Test loss: 4.00693
Epoch: 345 | Train loss: 3.99915 | Test loss: 3.99594
Epoch: 346 | Train loss: 3.99953 | Test loss: 3.94212
Epoch: 347 | Train loss: 4.00437 | Test loss: 3.96365
Epoch: 348 | Train loss: 3.99251 | Test loss: 4.12958
Epoch: 349 | Train loss: 3.98438 | Test loss: 4.00590
Epoch: 350 | Train loss: 3.98919 | Test loss: 3.94079
Epoch: 351 | Train loss: 3.98206 | Test loss: 3.91874
Epoch: 352 | Train loss: 3.98081 | Test loss: 3.98394
Epoch: 353 | Train loss: 3.97060 | Test loss: 3.88988
Epoch: 354 | Train loss: 3.98109 | Test loss: 3.97563
Epoch: 355 | Train loss: 3.96541 | Test loss: 3.92673
Epoch: 356 | Train loss: 3.97262 | Test loss: 3.89333
Epoch: 357 | Train loss: 3.97362 | Test loss: 3.91174
Epoch: 358 | Train loss: 3.96500 | Test loss: 3.93612
Epoch: 359 | Train loss: 3.96933 | Test loss: 4.12124
Epoch: 360 | Train loss: 3.96892 | Test loss: 3.90738
Epoch: 361 | Train loss: 3.96156 | Test loss: 3.90023
Epoch: 362 | Train loss: 3.96380 | Test loss: 3.96536
Epoch: 363 | Train loss: 3.96519 | Test loss: 4.14336
Epoch: 364 | Train loss: 3.95980 | Test loss: 3.91651
Epoch: 365 | Train loss: 3.95204 | Test loss: 3.95638
Epoch: 366 | Train loss: 3.95315 | Test loss: 3.96234
Epoch: 367 | Train loss: 3.94758 | Test loss: 3.98891
Epoch: 368 | Train loss: 3.94757 | Test loss: 3.91334
Epoch: 369 | Train loss: 3.94356 | Test loss: 3.94017
Epoch: 370 | Train loss: 3.94215 | Test loss: 3.92318
Epoch: 371 | Train loss: 3.93769 | Test loss: 3.89688
Epoch: 372 | Train loss: 3.93866 | Test loss: 3.90570
Epoch: 373 | Train loss: 3.93481 | Test loss: 3.91992
Epoch: 374 | Train loss: 3.94018 | Test loss: 3.93196
Epoch: 375 | Train loss: 3.93505 | Test loss: 3.91355
Epoch: 376 | Train loss: 3.93079 | Test loss: 3.90609
Epoch: 377 | Train loss: 3.93197 | Test loss: 3.91875
Epoch: 378 | Train loss: 3.93018 | Test loss: 3.93714
Epoch: 379 | Train loss: 3.92707 | Test loss: 3.92634
Epoch: 380 | Train loss: 3.92585 | Test loss: 3.91077
Epoch: 381 | Train loss: 3.92313 | Test loss: 3.88917
Epoch: 382 | Train loss: 3.92591 | Test loss: 3.90314
Epoch: 383 | Train loss: 3.92296 | Test loss: 3.95978
Epoch: 384 | Train loss: 3.92054 | Test loss: 3.90776
Epoch: 385 | Train loss: 3.92024 | Test loss: 3.90888
Epoch: 386 | Train loss: 3.91863 | Test loss: 3.92779
Epoch: 387 | Train loss: 3.91811 | Test loss: 3.90420
Epoch: 388 | Train loss: 3.91625 | Test loss: 3.92451
Epoch: 389 | Train loss: 3.91670 | Test loss: 3.91057
Epoch: 390 | Train loss: 3.91411 | Test loss: 3.89824
Epoch: 391 | Train loss: 3.91353 | Test loss: 3.90676
Epoch: 392 | Train loss: 3.91422 | Test loss: 3.91959
Epoch: 393 | Train loss: 3.91305 | Test loss: 3.91409
Epoch: 394 | Train loss: 3.91262 | Test loss: 3.91608
Epoch: 395 | Train loss: 3.91216 | Test loss: 3.90882
Epoch: 396 | Train loss: 3.91113 | Test loss: 3.90998
Epoch: 397 | Train loss: 3.91119 | Test loss: 3.90961
Epoch: 398 | Train loss: 3.91280 | Test loss: 3.91067
Epoch: 399 | Train loss: 3.91110 | Test loss: 3.90946
tensor(3.9096)
