Using device: cuda
NVIDIA H200
Memory Usage:
Allocated: 0.0 GB
Cached:    0.0 GB
torch.Size([20075, 1, 14, 30]) torch.Size([20075, 1, 56, 120]) torch.Size([34675, 1, 14, 30]) torch.Size([34675, 1, 56, 120])
Epoch 000 | SR Loss: 3315.18433 | Domain Loss: 0.69167 | Test Loss: 1104.69063
Epoch 001 | SR Loss: 714.77019 | Domain Loss: 0.69033 | Test Loss: 312.29462
Epoch 002 | SR Loss: 125.07770 | Domain Loss: 0.68942 | Test Loss: 44.58286
Epoch 003 | SR Loss: 24.43559 | Domain Loss: 0.68830 | Test Loss: 11.22258
Epoch 004 | SR Loss: 15.97761 | Domain Loss: 0.68761 | Test Loss: 22.70891
Epoch 005 | SR Loss: 12.69414 | Domain Loss: 0.68639 | Test Loss: 10.12639
Epoch 006 | SR Loss: 12.30398 | Domain Loss: 0.68588 | Test Loss: 6.24460
Epoch 007 | SR Loss: 12.19271 | Domain Loss: 0.68449 | Test Loss: 6.36404
Epoch 008 | SR Loss: 11.52270 | Domain Loss: 0.68113 | Test Loss: 6.49016
Epoch 009 | SR Loss: 10.96998 | Domain Loss: 0.68029 | Test Loss: 6.51325
Epoch 010 | SR Loss: 10.71687 | Domain Loss: 0.67925 | Test Loss: 28.92993
Epoch 011 | SR Loss: 10.34093 | Domain Loss: 0.67764 | Test Loss: 6.22854
Epoch 012 | SR Loss: 9.88185 | Domain Loss: 0.67766 | Test Loss: 7.85240
Epoch 013 | SR Loss: 10.42598 | Domain Loss: 0.67726 | Test Loss: 13.64076
Epoch 014 | SR Loss: 9.84954 | Domain Loss: 0.67625 | Test Loss: 8.14037
Epoch 015 | SR Loss: 10.39419 | Domain Loss: 0.67498 | Test Loss: 11.41626
Epoch 016 | SR Loss: 9.21213 | Domain Loss: 0.67509 | Test Loss: 7.09834
Epoch 017 | SR Loss: 9.95891 | Domain Loss: 0.67351 | Test Loss: 6.24993
Epoch 018 | SR Loss: 8.90590 | Domain Loss: 0.67163 | Test Loss: 6.11440
Epoch 019 | SR Loss: 9.06355 | Domain Loss: 0.67159 | Test Loss: 8.08542
Epoch 020 | SR Loss: 9.18275 | Domain Loss: 0.67065 | Test Loss: 6.31203
Epoch 021 | SR Loss: 9.10937 | Domain Loss: 0.66968 | Test Loss: 24.32589
Epoch 022 | SR Loss: 8.93115 | Domain Loss: 0.67078 | Test Loss: 5.66761
Epoch 023 | SR Loss: 9.02761 | Domain Loss: 0.66991 | Test Loss: 7.01121
Epoch 024 | SR Loss: 9.24448 | Domain Loss: 0.66853 | Test Loss: 7.20445
Epoch 025 | SR Loss: 8.61155 | Domain Loss: 0.66646 | Test Loss: 5.96325
Epoch 026 | SR Loss: 8.41591 | Domain Loss: 0.66610 | Test Loss: 12.61968
Epoch 027 | SR Loss: 8.39503 | Domain Loss: 0.66576 | Test Loss: 5.72364
Epoch 028 | SR Loss: 8.84183 | Domain Loss: 0.66349 | Test Loss: 14.82351
Epoch 029 | SR Loss: 8.38820 | Domain Loss: 0.66449 | Test Loss: 5.52405
Epoch 030 | SR Loss: 8.27612 | Domain Loss: 0.66294 | Test Loss: 6.64101
Epoch 031 | SR Loss: 7.99735 | Domain Loss: 0.66412 | Test Loss: 5.95490
Epoch 032 | SR Loss: 8.27617 | Domain Loss: 0.66211 | Test Loss: 9.13533
Epoch 033 | SR Loss: 8.50830 | Domain Loss: 0.66345 | Test Loss: 5.72148
Epoch 034 | SR Loss: 7.83054 | Domain Loss: 0.66072 | Test Loss: 7.93669
Epoch 035 | SR Loss: 8.07667 | Domain Loss: 0.66038 | Test Loss: 5.47085
Epoch 036 | SR Loss: 7.53878 | Domain Loss: 0.65995 | Test Loss: 11.03618
Epoch 037 | SR Loss: 7.99112 | Domain Loss: 0.65947 | Test Loss: 14.75647
Epoch 038 | SR Loss: 7.75216 | Domain Loss: 0.65933 | Test Loss: 5.70447
Epoch 039 | SR Loss: 7.83283 | Domain Loss: 0.65612 | Test Loss: 5.37979
Epoch 040 | SR Loss: 7.79595 | Domain Loss: 0.65657 | Test Loss: 5.95173
Epoch 041 | SR Loss: 7.29422 | Domain Loss: 0.65682 | Test Loss: 8.76522
Epoch 042 | SR Loss: 7.57205 | Domain Loss: 0.65832 | Test Loss: 5.30678
Epoch 043 | SR Loss: 7.54812 | Domain Loss: 0.65591 | Test Loss: 5.66442
Epoch 044 | SR Loss: 7.31174 | Domain Loss: 0.65390 | Test Loss: 6.55456
Epoch 045 | SR Loss: 7.29177 | Domain Loss: 0.65403 | Test Loss: 10.46901
Epoch 046 | SR Loss: 7.43214 | Domain Loss: 0.65345 | Test Loss: 8.09481
Epoch 047 | SR Loss: 7.43384 | Domain Loss: 0.65284 | Test Loss: 5.86437
Epoch 048 | SR Loss: 7.24947 | Domain Loss: 0.65285 | Test Loss: 5.33448
Epoch 049 | SR Loss: 7.60063 | Domain Loss: 0.64816 | Test Loss: 5.33972
Epoch 050 | SR Loss: 7.12770 | Domain Loss: 0.65034 | Test Loss: 6.76904
Epoch 051 | SR Loss: 7.41603 | Domain Loss: 0.64646 | Test Loss: 5.86292
Epoch 052 | SR Loss: 7.01924 | Domain Loss: 0.64795 | Test Loss: 6.14111
Epoch 053 | SR Loss: 6.88909 | Domain Loss: 0.64715 | Test Loss: 5.24842
Epoch 054 | SR Loss: 7.13278 | Domain Loss: 0.64661 | Test Loss: 8.93269
Epoch 055 | SR Loss: 6.86368 | Domain Loss: 0.64560 | Test Loss: 5.24070
Epoch 056 | SR Loss: 7.29566 | Domain Loss: 0.64672 | Test Loss: 5.59566
Epoch 057 | SR Loss: 6.99653 | Domain Loss: 0.64292 | Test Loss: 7.65694
Epoch 058 | SR Loss: 6.87440 | Domain Loss: 0.64450 | Test Loss: 9.25683
Epoch 059 | SR Loss: 6.94180 | Domain Loss: 0.64425 | Test Loss: 5.14487
Epoch 060 | SR Loss: 6.88943 | Domain Loss: 0.63949 | Test Loss: 5.28862
Epoch 061 | SR Loss: 7.17244 | Domain Loss: 0.64371 | Test Loss: 5.47000
Epoch 062 | SR Loss: 6.62723 | Domain Loss: 0.63899 | Test Loss: 11.70611
Epoch 063 | SR Loss: 6.92771 | Domain Loss: 0.64215 | Test Loss: 5.02662
Epoch 064 | SR Loss: 6.97700 | Domain Loss: 0.64137 | Test Loss: 5.26650
Epoch 065 | SR Loss: 7.12831 | Domain Loss: 0.63988 | Test Loss: 11.63832
Epoch 066 | SR Loss: 6.61890 | Domain Loss: 0.64235 | Test Loss: 5.64460
Epoch 067 | SR Loss: 7.04878 | Domain Loss: 0.63837 | Test Loss: 6.03142
Epoch 068 | SR Loss: 6.60414 | Domain Loss: 0.63829 | Test Loss: 7.47448
Epoch 069 | SR Loss: 6.56957 | Domain Loss: 0.63828 | Test Loss: 5.51896
Epoch 070 | SR Loss: 6.86065 | Domain Loss: 0.63677 | Test Loss: 5.01967
Epoch 071 | SR Loss: 6.72107 | Domain Loss: 0.63418 | Test Loss: 10.31543
Epoch 072 | SR Loss: 6.50473 | Domain Loss: 0.63548 | Test Loss: 6.34056
Epoch 073 | SR Loss: 6.68877 | Domain Loss: 0.63759 | Test Loss: 7.12930
Epoch 074 | SR Loss: 6.32822 | Domain Loss: 0.63630 | Test Loss: 4.88013
Epoch 075 | SR Loss: 6.81158 | Domain Loss: 0.63433 | Test Loss: 5.59837
Epoch 076 | SR Loss: 6.59546 | Domain Loss: 0.63778 | Test Loss: 5.12882
Epoch 077 | SR Loss: 6.29356 | Domain Loss: 0.63399 | Test Loss: 11.21017
Epoch 078 | SR Loss: 6.53049 | Domain Loss: 0.63305 | Test Loss: 7.71397
Epoch 079 | SR Loss: 6.59914 | Domain Loss: 0.63235 | Test Loss: 6.09377
Epoch 080 | SR Loss: 6.38988 | Domain Loss: 0.62896 | Test Loss: 10.71474
Epoch 081 | SR Loss: 6.55144 | Domain Loss: 0.63310 | Test Loss: 10.69930
Epoch 082 | SR Loss: 6.58250 | Domain Loss: 0.63050 | Test Loss: 5.73323
Epoch 083 | SR Loss: 6.20312 | Domain Loss: 0.63069 | Test Loss: 4.92835
Epoch 084 | SR Loss: 6.52666 | Domain Loss: 0.63157 | Test Loss: 4.80016
Epoch 085 | SR Loss: 6.46642 | Domain Loss: 0.62672 | Test Loss: 5.06598
Epoch 086 | SR Loss: 6.40506 | Domain Loss: 0.63032 | Test Loss: 5.91324
Epoch 087 | SR Loss: 6.42832 | Domain Loss: 0.63119 | Test Loss: 9.18737
Epoch 088 | SR Loss: 6.49560 | Domain Loss: 0.62808 | Test Loss: 5.33136
Epoch 089 | SR Loss: 6.16053 | Domain Loss: 0.63106 | Test Loss: 8.14029
Epoch 090 | SR Loss: 6.28457 | Domain Loss: 0.62821 | Test Loss: 7.70760
Epoch 091 | SR Loss: 6.41264 | Domain Loss: 0.62550 | Test Loss: 7.76527
Epoch 092 | SR Loss: 6.53912 | Domain Loss: 0.62713 | Test Loss: 5.03072
Epoch 093 | SR Loss: 6.05329 | Domain Loss: 0.62444 | Test Loss: 4.88756
Epoch 094 | SR Loss: 6.18269 | Domain Loss: 0.62235 | Test Loss: 5.08258
Epoch 095 | SR Loss: 6.16568 | Domain Loss: 0.62474 | Test Loss: 5.24777
Epoch 096 | SR Loss: 6.27111 | Domain Loss: 0.62680 | Test Loss: 5.02915
Epoch 097 | SR Loss: 6.06646 | Domain Loss: 0.62860 | Test Loss: 6.36868
Epoch 098 | SR Loss: 6.19396 | Domain Loss: 0.62505 | Test Loss: 4.80186
Epoch 099 | SR Loss: 6.24038 | Domain Loss: 0.61948 | Test Loss: 4.69350
Epoch 100 | SR Loss: 5.98675 | Domain Loss: 0.62329 | Test Loss: 4.98742
Epoch 101 | SR Loss: 6.11190 | Domain Loss: 0.62068 | Test Loss: 4.64032
Epoch 102 | SR Loss: 6.00071 | Domain Loss: 0.62296 | Test Loss: 8.35283
Epoch 103 | SR Loss: 6.06888 | Domain Loss: 0.61937 | Test Loss: 7.99329
Epoch 104 | SR Loss: 6.07062 | Domain Loss: 0.62050 | Test Loss: 5.85669
Epoch 105 | SR Loss: 5.92682 | Domain Loss: 0.62324 | Test Loss: 5.75205
Epoch 106 | SR Loss: 5.89094 | Domain Loss: 0.62100 | Test Loss: 5.25509
Epoch 107 | SR Loss: 6.24734 | Domain Loss: 0.62007 | Test Loss: 4.77379
Epoch 108 | SR Loss: 5.98852 | Domain Loss: 0.61869 | Test Loss: 5.02347
Epoch 109 | SR Loss: 5.92516 | Domain Loss: 0.61761 | Test Loss: 5.76375
Epoch 110 | SR Loss: 6.29087 | Domain Loss: 0.62078 | Test Loss: 4.77039
Epoch 111 | SR Loss: 5.81007 | Domain Loss: 0.61699 | Test Loss: 4.99142
Epoch 112 | SR Loss: 5.74733 | Domain Loss: 0.61509 | Test Loss: 4.70321
Epoch 113 | SR Loss: 5.88565 | Domain Loss: 0.61741 | Test Loss: 5.66493
Epoch 114 | SR Loss: 6.28791 | Domain Loss: 0.61890 | Test Loss: 4.93848
Epoch 115 | SR Loss: 5.69772 | Domain Loss: 0.61630 | Test Loss: 4.85614
Epoch 116 | SR Loss: 6.13644 | Domain Loss: 0.61149 | Test Loss: 4.96289
Epoch 117 | SR Loss: 5.75474 | Domain Loss: 0.61577 | Test Loss: 4.65511
Epoch 118 | SR Loss: 5.65924 | Domain Loss: 0.61632 | Test Loss: 8.97878
Epoch 119 | SR Loss: 5.84152 | Domain Loss: 0.61525 | Test Loss: 5.27920
Epoch 120 | SR Loss: 5.77496 | Domain Loss: 0.61419 | Test Loss: 4.85097
Epoch 121 | SR Loss: 5.87809 | Domain Loss: 0.61596 | Test Loss: 5.11545
Epoch 122 | SR Loss: 5.68566 | Domain Loss: 0.61172 | Test Loss: 4.65914
Epoch 123 | SR Loss: 5.70766 | Domain Loss: 0.61416 | Test Loss: 7.95506
Epoch 124 | SR Loss: 5.60604 | Domain Loss: 0.61350 | Test Loss: 5.92892
Epoch 125 | SR Loss: 5.80140 | Domain Loss: 0.61144 | Test Loss: 4.68040
Epoch 126 | SR Loss: 5.74160 | Domain Loss: 0.61124 | Test Loss: 5.01406
Epoch 127 | SR Loss: 5.64049 | Domain Loss: 0.61515 | Test Loss: 4.70681
Epoch 128 | SR Loss: 5.69053 | Domain Loss: 0.61111 | Test Loss: 6.76973
Epoch 129 | SR Loss: 5.66189 | Domain Loss: 0.60685 | Test Loss: 4.57566
Epoch 130 | SR Loss: 5.51874 | Domain Loss: 0.60764 | Test Loss: 4.72100
Epoch 131 | SR Loss: 5.86828 | Domain Loss: 0.61072 | Test Loss: 6.14054
Epoch 132 | SR Loss: 5.66993 | Domain Loss: 0.60953 | Test Loss: 8.97103
Epoch 133 | SR Loss: 5.58611 | Domain Loss: 0.60914 | Test Loss: 6.35193
Epoch 134 | SR Loss: 5.60472 | Domain Loss: 0.60925 | Test Loss: 6.71126
Epoch 135 | SR Loss: 5.52323 | Domain Loss: 0.60621 | Test Loss: 5.17302
Epoch 136 | SR Loss: 5.54285 | Domain Loss: 0.60464 | Test Loss: 6.02150
Epoch 137 | SR Loss: 5.48999 | Domain Loss: 0.60589 | Test Loss: 5.56367
Epoch 138 | SR Loss: 5.57011 | Domain Loss: 0.60664 | Test Loss: 4.44047
Epoch 139 | SR Loss: 5.66916 | Domain Loss: 0.60471 | Test Loss: 4.98985
Epoch 140 | SR Loss: 5.43659 | Domain Loss: 0.60734 | Test Loss: 4.64272
Epoch 141 | SR Loss: 5.27636 | Domain Loss: 0.60204 | Test Loss: 4.56670
Epoch 142 | SR Loss: 5.46936 | Domain Loss: 0.60108 | Test Loss: 5.50285
Epoch 143 | SR Loss: 5.43066 | Domain Loss: 0.60216 | Test Loss: 4.86753
Epoch 144 | SR Loss: 5.39759 | Domain Loss: 0.60005 | Test Loss: 4.58935
Epoch 145 | SR Loss: 5.41430 | Domain Loss: 0.59999 | Test Loss: 4.88155
Epoch 146 | SR Loss: 5.44380 | Domain Loss: 0.59807 | Test Loss: 5.58293
Epoch 147 | SR Loss: 5.34368 | Domain Loss: 0.60473 | Test Loss: 4.54759
Epoch 148 | SR Loss: 5.41667 | Domain Loss: 0.60023 | Test Loss: 4.56445
Epoch 149 | SR Loss: 5.39714 | Domain Loss: 0.59788 | Test Loss: 4.59479
Epoch 150 | SR Loss: 5.41373 | Domain Loss: 0.59908 | Test Loss: 4.41919
Epoch 151 | SR Loss: 5.49016 | Domain Loss: 0.59858 | Test Loss: 4.75504
Epoch 152 | SR Loss: 5.50554 | Domain Loss: 0.59223 | Test Loss: 4.62637
Epoch 153 | SR Loss: 5.25161 | Domain Loss: 0.59697 | Test Loss: 4.57415
Epoch 154 | SR Loss: 5.16718 | Domain Loss: 0.59603 | Test Loss: 5.49866
Epoch 155 | SR Loss: 5.39298 | Domain Loss: 0.59495 | Test Loss: 5.86139
Epoch 156 | SR Loss: 5.26248 | Domain Loss: 0.59228 | Test Loss: 4.77108
Epoch 157 | SR Loss: 5.24795 | Domain Loss: 0.59425 | Test Loss: 4.65327
Epoch 158 | SR Loss: 5.16065 | Domain Loss: 0.59287 | Test Loss: 5.14947
Epoch 159 | SR Loss: 5.20355 | Domain Loss: 0.59081 | Test Loss: 4.42611
Epoch 160 | SR Loss: 5.42396 | Domain Loss: 0.59201 | Test Loss: 4.43533
Epoch 161 | SR Loss: 5.08746 | Domain Loss: 0.58750 | Test Loss: 4.52226
Epoch 162 | SR Loss: 5.16507 | Domain Loss: 0.59202 | Test Loss: 4.92051
Epoch 163 | SR Loss: 5.30169 | Domain Loss: 0.58938 | Test Loss: 4.94957
Epoch 164 | SR Loss: 5.34192 | Domain Loss: 0.58468 | Test Loss: 4.79754
Epoch 165 | SR Loss: 5.20044 | Domain Loss: 0.58420 | Test Loss: 4.37035
Epoch 166 | SR Loss: 5.11724 | Domain Loss: 0.58525 | Test Loss: 5.30251
Epoch 167 | SR Loss: 5.11428 | Domain Loss: 0.58741 | Test Loss: 4.58544
Epoch 168 | SR Loss: 5.18537 | Domain Loss: 0.58951 | Test Loss: 4.50422
Epoch 169 | SR Loss: 5.24590 | Domain Loss: 0.58564 | Test Loss: 4.42181
Epoch 170 | SR Loss: 5.14107 | Domain Loss: 0.58809 | Test Loss: 4.30075
Epoch 171 | SR Loss: 5.07077 | Domain Loss: 0.58600 | Test Loss: 4.51118
Epoch 172 | SR Loss: 5.14259 | Domain Loss: 0.58643 | Test Loss: 4.35645
Epoch 173 | SR Loss: 5.01143 | Domain Loss: 0.58548 | Test Loss: 4.33788
Epoch 174 | SR Loss: 4.95432 | Domain Loss: 0.58526 | Test Loss: 5.85779
Epoch 175 | SR Loss: 5.08720 | Domain Loss: 0.58342 | Test Loss: 4.98016
Epoch 176 | SR Loss: 5.05468 | Domain Loss: 0.57907 | Test Loss: 4.62484
Epoch 177 | SR Loss: 5.08952 | Domain Loss: 0.57769 | Test Loss: 4.72508
Epoch 178 | SR Loss: 5.04989 | Domain Loss: 0.57969 | Test Loss: 4.29119
Epoch 179 | SR Loss: 5.09182 | Domain Loss: 0.58020 | Test Loss: 4.95842
Epoch 180 | SR Loss: 5.04858 | Domain Loss: 0.57815 | Test Loss: 4.42341
Epoch 181 | SR Loss: 4.97513 | Domain Loss: 0.57612 | Test Loss: 5.26787
Epoch 182 | SR Loss: 4.94828 | Domain Loss: 0.57814 | Test Loss: 4.82067
Epoch 183 | SR Loss: 5.00777 | Domain Loss: 0.57670 | Test Loss: 5.94337
Epoch 184 | SR Loss: 5.01047 | Domain Loss: 0.57739 | Test Loss: 4.81301
Epoch 185 | SR Loss: 5.07750 | Domain Loss: 0.57464 | Test Loss: 4.73968
Epoch 186 | SR Loss: 5.02874 | Domain Loss: 0.57575 | Test Loss: 4.35046
Epoch 187 | SR Loss: 4.93216 | Domain Loss: 0.57336 | Test Loss: 4.81884
Epoch 188 | SR Loss: 4.87304 | Domain Loss: 0.57619 | Test Loss: 4.43482
Epoch 189 | SR Loss: 4.90528 | Domain Loss: 0.57389 | Test Loss: 4.34429
Epoch 190 | SR Loss: 4.93768 | Domain Loss: 0.57394 | Test Loss: 4.40600
Epoch 191 | SR Loss: 4.91137 | Domain Loss: 0.57521 | Test Loss: 4.71085
Epoch 192 | SR Loss: 4.96192 | Domain Loss: 0.57213 | Test Loss: 6.32965
Epoch 193 | SR Loss: 4.78014 | Domain Loss: 0.57295 | Test Loss: 4.24012
Epoch 194 | SR Loss: 4.84956 | Domain Loss: 0.56908 | Test Loss: 4.25392
Epoch 195 | SR Loss: 4.92536 | Domain Loss: 0.57107 | Test Loss: 4.39415
Epoch 196 | SR Loss: 4.81586 | Domain Loss: 0.56967 | Test Loss: 4.56647
Epoch 197 | SR Loss: 4.90342 | Domain Loss: 0.57228 | Test Loss: 4.54720
Epoch 198 | SR Loss: 4.83370 | Domain Loss: 0.57374 | Test Loss: 5.19220
Epoch 199 | SR Loss: 4.82196 | Domain Loss: 0.56881 | Test Loss: 5.49038
Epoch 200 | SR Loss: 4.87291 | Domain Loss: 0.56635 | Test Loss: 5.65273
Epoch 201 | SR Loss: 4.88674 | Domain Loss: 0.57408 | Test Loss: 4.13806
Epoch 202 | SR Loss: 4.84810 | Domain Loss: 0.57057 | Test Loss: 4.76994
Epoch 203 | SR Loss: 4.83095 | Domain Loss: 0.56906 | Test Loss: 5.35762
Epoch 204 | SR Loss: 4.81084 | Domain Loss: 0.56932 | Test Loss: 4.27979
Epoch 205 | SR Loss: 4.85144 | Domain Loss: 0.56339 | Test Loss: 4.31772
Epoch 206 | SR Loss: 4.78428 | Domain Loss: 0.56801 | Test Loss: 4.61744
Epoch 207 | SR Loss: 4.77353 | Domain Loss: 0.56445 | Test Loss: 4.57568
Epoch 208 | SR Loss: 4.81190 | Domain Loss: 0.56577 | Test Loss: 4.25330
Epoch 209 | SR Loss: 4.84567 | Domain Loss: 0.56208 | Test Loss: 5.49315
Epoch 210 | SR Loss: 4.73831 | Domain Loss: 0.56061 | Test Loss: 4.64297
Epoch 211 | SR Loss: 4.78808 | Domain Loss: 0.55859 | Test Loss: 4.21467
Epoch 212 | SR Loss: 4.65504 | Domain Loss: 0.56343 | Test Loss: 4.34365
Epoch 213 | SR Loss: 4.77411 | Domain Loss: 0.56497 | Test Loss: 6.48262
Epoch 214 | SR Loss: 4.76018 | Domain Loss: 0.56696 | Test Loss: 6.18696
Epoch 215 | SR Loss: 4.86012 | Domain Loss: 0.56290 | Test Loss: 4.26483
Epoch 216 | SR Loss: 4.70374 | Domain Loss: 0.55817 | Test Loss: 4.19310
Epoch 217 | SR Loss: 4.71132 | Domain Loss: 0.56276 | Test Loss: 4.88772
Epoch 218 | SR Loss: 4.62609 | Domain Loss: 0.56071 | Test Loss: 4.16049
Epoch 219 | SR Loss: 4.73920 | Domain Loss: 0.55818 | Test Loss: 4.68392
Epoch 220 | SR Loss: 4.62474 | Domain Loss: 0.55757 | Test Loss: 4.12854
Epoch 221 | SR Loss: 4.73639 | Domain Loss: 0.56104 | Test Loss: 4.52017
Epoch 222 | SR Loss: 4.61173 | Domain Loss: 0.55793 | Test Loss: 4.45974
Epoch 223 | SR Loss: 4.63823 | Domain Loss: 0.55530 | Test Loss: 4.55145
Epoch 224 | SR Loss: 4.70769 | Domain Loss: 0.55429 | Test Loss: 5.88008
Epoch 225 | SR Loss: 4.66102 | Domain Loss: 0.55754 | Test Loss: 4.68739
Epoch 226 | SR Loss: 4.61009 | Domain Loss: 0.55687 | Test Loss: 4.34453
Epoch 227 | SR Loss: 4.65141 | Domain Loss: 0.55827 | Test Loss: 4.91750
Epoch 228 | SR Loss: 4.64223 | Domain Loss: 0.55499 | Test Loss: 4.28096
Epoch 229 | SR Loss: 4.67200 | Domain Loss: 0.55143 | Test Loss: 4.37660
Epoch 230 | SR Loss: 4.61282 | Domain Loss: 0.55397 | Test Loss: 4.22095
Epoch 231 | SR Loss: 4.56713 | Domain Loss: 0.55271 | Test Loss: 5.30145
Epoch 232 | SR Loss: 4.72310 | Domain Loss: 0.54824 | Test Loss: 4.16410
Epoch 233 | SR Loss: 4.56611 | Domain Loss: 0.55075 | Test Loss: 4.29831
Epoch 234 | SR Loss: 4.62376 | Domain Loss: 0.54890 | Test Loss: 4.95371
Epoch 235 | SR Loss: 4.52286 | Domain Loss: 0.55181 | Test Loss: 4.49430
Epoch 236 | SR Loss: 4.53456 | Domain Loss: 0.55080 | Test Loss: 4.29502
Epoch 237 | SR Loss: 4.58087 | Domain Loss: 0.54668 | Test Loss: 4.14727
Epoch 238 | SR Loss: 4.47846 | Domain Loss: 0.54703 | Test Loss: 4.16081
Epoch 239 | SR Loss: 4.58412 | Domain Loss: 0.54894 | Test Loss: 4.71504
Epoch 240 | SR Loss: 4.54724 | Domain Loss: 0.54537 | Test Loss: 4.52792
Epoch 241 | SR Loss: 4.56087 | Domain Loss: 0.54395 | Test Loss: 4.09947
Epoch 242 | SR Loss: 4.53633 | Domain Loss: 0.54849 | Test Loss: 4.16209
Epoch 243 | SR Loss: 4.52872 | Domain Loss: 0.54803 | Test Loss: 4.25704
Epoch 244 | SR Loss: 4.54885 | Domain Loss: 0.54266 | Test Loss: 4.12858
Epoch 245 | SR Loss: 4.47902 | Domain Loss: 0.54047 | Test Loss: 4.29583
Epoch 246 | SR Loss: 4.48417 | Domain Loss: 0.54606 | Test Loss: 4.37668
Epoch 247 | SR Loss: 4.52723 | Domain Loss: 0.54117 | Test Loss: 5.49036
Epoch 248 | SR Loss: 4.52719 | Domain Loss: 0.54190 | Test Loss: 4.53280
Epoch 249 | SR Loss: 4.45993 | Domain Loss: 0.54583 | Test Loss: 4.40548
Epoch 250 | SR Loss: 4.46489 | Domain Loss: 0.54162 | Test Loss: 4.29561
Epoch 251 | SR Loss: 4.46707 | Domain Loss: 0.53889 | Test Loss: 4.29910
Epoch 252 | SR Loss: 4.52143 | Domain Loss: 0.53933 | Test Loss: 4.20199
Epoch 253 | SR Loss: 4.44541 | Domain Loss: 0.53768 | Test Loss: 4.11478
Epoch 254 | SR Loss: 4.46416 | Domain Loss: 0.53997 | Test Loss: 4.39970
Epoch 255 | SR Loss: 4.37501 | Domain Loss: 0.53780 | Test Loss: 4.34159
Epoch 256 | SR Loss: 4.40618 | Domain Loss: 0.53901 | Test Loss: 4.05371
Epoch 257 | SR Loss: 4.45752 | Domain Loss: 0.53975 | Test Loss: 4.12324
Epoch 258 | SR Loss: 4.45219 | Domain Loss: 0.53808 | Test Loss: 4.32335
Epoch 259 | SR Loss: 4.37274 | Domain Loss: 0.53661 | Test Loss: 4.27010
Epoch 260 | SR Loss: 4.40192 | Domain Loss: 0.53662 | Test Loss: 4.13530
Epoch 261 | SR Loss: 4.44436 | Domain Loss: 0.53406 | Test Loss: 4.13636
Epoch 262 | SR Loss: 4.43319 | Domain Loss: 0.53596 | Test Loss: 4.06008
Epoch 263 | SR Loss: 4.38943 | Domain Loss: 0.53312 | Test Loss: 4.10888
Epoch 264 | SR Loss: 4.42512 | Domain Loss: 0.53368 | Test Loss: 4.16995
Epoch 265 | SR Loss: 4.35347 | Domain Loss: 0.53214 | Test Loss: 4.19511
Epoch 266 | SR Loss: 4.36461 | Domain Loss: 0.53457 | Test Loss: 4.15355
Epoch 267 | SR Loss: 4.35789 | Domain Loss: 0.53127 | Test Loss: 4.18956
Epoch 268 | SR Loss: 4.37213 | Domain Loss: 0.53167 | Test Loss: 4.40877
Epoch 269 | SR Loss: 4.38151 | Domain Loss: 0.53281 | Test Loss: 4.12482
Epoch 270 | SR Loss: 4.33587 | Domain Loss: 0.53144 | Test Loss: 4.24555
Epoch 271 | SR Loss: 4.33786 | Domain Loss: 0.52989 | Test Loss: 4.69113
Epoch 272 | SR Loss: 4.38397 | Domain Loss: 0.52952 | Test Loss: 4.42219
Epoch 273 | SR Loss: 4.35545 | Domain Loss: 0.52816 | Test Loss: 4.32465
Epoch 274 | SR Loss: 4.35269 | Domain Loss: 0.52805 | Test Loss: 4.08718
Epoch 275 | SR Loss: 4.34493 | Domain Loss: 0.52466 | Test Loss: 3.96772
Epoch 276 | SR Loss: 4.34444 | Domain Loss: 0.52993 | Test Loss: 4.18945
Epoch 277 | SR Loss: 4.34971 | Domain Loss: 0.52620 | Test Loss: 4.05331
Epoch 278 | SR Loss: 4.33188 | Domain Loss: 0.52299 | Test Loss: 4.27473
Epoch 279 | SR Loss: 4.32360 | Domain Loss: 0.52444 | Test Loss: 3.98972
Epoch 280 | SR Loss: 4.27875 | Domain Loss: 0.52779 | Test Loss: 4.05132
Epoch 281 | SR Loss: 4.29913 | Domain Loss: 0.52481 | Test Loss: 4.26382
Epoch 282 | SR Loss: 4.34177 | Domain Loss: 0.52300 | Test Loss: 4.22388
Epoch 283 | SR Loss: 4.26584 | Domain Loss: 0.52016 | Test Loss: 4.06564
Epoch 284 | SR Loss: 4.26865 | Domain Loss: 0.52319 | Test Loss: 4.10224
Epoch 285 | SR Loss: 4.28098 | Domain Loss: 0.52127 | Test Loss: 4.05057
Epoch 286 | SR Loss: 4.33129 | Domain Loss: 0.52238 | Test Loss: 4.02002
Epoch 287 | SR Loss: 4.26856 | Domain Loss: 0.51726 | Test Loss: 4.24953
Epoch 288 | SR Loss: 4.28342 | Domain Loss: 0.52231 | Test Loss: 4.17286
Epoch 289 | SR Loss: 4.27849 | Domain Loss: 0.51778 | Test Loss: 4.10780
Epoch 290 | SR Loss: 4.27688 | Domain Loss: 0.51887 | Test Loss: 4.14252
Epoch 291 | SR Loss: 4.23705 | Domain Loss: 0.51630 | Test Loss: 4.00496
Epoch 292 | SR Loss: 4.27821 | Domain Loss: 0.51976 | Test Loss: 4.00802
Epoch 293 | SR Loss: 4.26776 | Domain Loss: 0.51758 | Test Loss: 4.51572
Epoch 294 | SR Loss: 4.21841 | Domain Loss: 0.51636 | Test Loss: 4.06015
Epoch 295 | SR Loss: 4.22253 | Domain Loss: 0.51505 | Test Loss: 4.10984
Epoch 296 | SR Loss: 4.21901 | Domain Loss: 0.51566 | Test Loss: 3.97738
Epoch 297 | SR Loss: 4.22739 | Domain Loss: 0.51557 | Test Loss: 4.53630
Epoch 298 | SR Loss: 4.21638 | Domain Loss: 0.51499 | Test Loss: 4.44719
Epoch 299 | SR Loss: 4.22307 | Domain Loss: 0.51515 | Test Loss: 4.01885
Epoch 300 | SR Loss: 4.22909 | Domain Loss: 0.51176 | Test Loss: 4.49820
Epoch 301 | SR Loss: 4.22851 | Domain Loss: 0.51234 | Test Loss: 4.01715
Epoch 302 | SR Loss: 4.21265 | Domain Loss: 0.51197 | Test Loss: 4.30376
Epoch 303 | SR Loss: 4.20807 | Domain Loss: 0.50948 | Test Loss: 4.03665
Epoch 304 | SR Loss: 4.17643 | Domain Loss: 0.51211 | Test Loss: 3.99208
Epoch 305 | SR Loss: 4.25162 | Domain Loss: 0.51151 | Test Loss: 4.12576
Epoch 306 | SR Loss: 4.19610 | Domain Loss: 0.50874 | Test Loss: 4.04491
Epoch 307 | SR Loss: 4.18624 | Domain Loss: 0.50867 | Test Loss: 3.97745
Epoch 308 | SR Loss: 4.15253 | Domain Loss: 0.50836 | Test Loss: 4.06017
Epoch 309 | SR Loss: 4.17158 | Domain Loss: 0.51100 | Test Loss: 4.04430
Epoch 310 | SR Loss: 4.18919 | Domain Loss: 0.50472 | Test Loss: 4.21127
Epoch 311 | SR Loss: 4.18072 | Domain Loss: 0.50594 | Test Loss: 3.95882
Epoch 312 | SR Loss: 4.17789 | Domain Loss: 0.50558 | Test Loss: 3.97802
Epoch 313 | SR Loss: 4.17264 | Domain Loss: 0.50551 | Test Loss: 4.15616
Epoch 314 | SR Loss: 4.17148 | Domain Loss: 0.50764 | Test Loss: 4.03774
Epoch 315 | SR Loss: 4.13718 | Domain Loss: 0.50863 | Test Loss: 4.25402
Epoch 316 | SR Loss: 4.14279 | Domain Loss: 0.50493 | Test Loss: 3.96725
Epoch 317 | SR Loss: 4.13331 | Domain Loss: 0.50370 | Test Loss: 4.26160
Epoch 318 | SR Loss: 4.15052 | Domain Loss: 0.50596 | Test Loss: 3.96189
Epoch 319 | SR Loss: 4.13853 | Domain Loss: 0.50244 | Test Loss: 3.94901
Epoch 320 | SR Loss: 4.14464 | Domain Loss: 0.50194 | Test Loss: 4.23507
Epoch 321 | SR Loss: 4.14321 | Domain Loss: 0.50297 | Test Loss: 4.11010
Epoch 322 | SR Loss: 4.13738 | Domain Loss: 0.50065 | Test Loss: 4.01223
Epoch 323 | SR Loss: 4.11738 | Domain Loss: 0.50099 | Test Loss: 4.28745
Epoch 324 | SR Loss: 4.11035 | Domain Loss: 0.49996 | Test Loss: 3.93510
Epoch 325 | SR Loss: 4.11077 | Domain Loss: 0.50078 | Test Loss: 4.11781
Epoch 326 | SR Loss: 4.11398 | Domain Loss: 0.50115 | Test Loss: 4.00162
Epoch 327 | SR Loss: 4.12266 | Domain Loss: 0.50061 | Test Loss: 4.02583
Epoch 328 | SR Loss: 4.09507 | Domain Loss: 0.49911 | Test Loss: 4.08465
Epoch 329 | SR Loss: 4.11463 | Domain Loss: 0.49653 | Test Loss: 3.97657
Epoch 330 | SR Loss: 4.09950 | Domain Loss: 0.49995 | Test Loss: 3.93308
Epoch 331 | SR Loss: 4.07964 | Domain Loss: 0.49919 | Test Loss: 4.18729
Epoch 332 | SR Loss: 4.09248 | Domain Loss: 0.49837 | Test Loss: 3.97936
Epoch 333 | SR Loss: 4.08182 | Domain Loss: 0.49736 | Test Loss: 4.14806
Epoch 334 | SR Loss: 4.08794 | Domain Loss: 0.49857 | Test Loss: 4.25389
Epoch 335 | SR Loss: 4.08659 | Domain Loss: 0.49836 | Test Loss: 3.97808
Epoch 336 | SR Loss: 4.06740 | Domain Loss: 0.49550 | Test Loss: 4.03674
Epoch 337 | SR Loss: 4.07304 | Domain Loss: 0.49798 | Test Loss: 4.04399
Epoch 338 | SR Loss: 4.06748 | Domain Loss: 0.49516 | Test Loss: 3.93364
Epoch 339 | SR Loss: 4.07148 | Domain Loss: 0.49420 | Test Loss: 3.99888
Epoch 340 | SR Loss: 4.04943 | Domain Loss: 0.49593 | Test Loss: 3.94513
Epoch 341 | SR Loss: 4.04992 | Domain Loss: 0.49316 | Test Loss: 4.05684
Epoch 342 | SR Loss: 4.05371 | Domain Loss: 0.49314 | Test Loss: 3.97858
Epoch 343 | SR Loss: 4.06369 | Domain Loss: 0.49488 | Test Loss: 3.92569
Epoch 344 | SR Loss: 4.04633 | Domain Loss: 0.49420 | Test Loss: 3.96464
Epoch 345 | SR Loss: 4.05169 | Domain Loss: 0.49321 | Test Loss: 4.01221
Epoch 346 | SR Loss: 4.04068 | Domain Loss: 0.49254 | Test Loss: 3.88795
Epoch 347 | SR Loss: 4.02876 | Domain Loss: 0.49162 | Test Loss: 3.92855
Epoch 348 | SR Loss: 4.03587 | Domain Loss: 0.49124 | Test Loss: 3.94718
Epoch 349 | SR Loss: 4.03577 | Domain Loss: 0.49315 | Test Loss: 4.18873
Epoch 350 | SR Loss: 4.03894 | Domain Loss: 0.49252 | Test Loss: 4.07587
Epoch 351 | SR Loss: 4.02833 | Domain Loss: 0.49122 | Test Loss: 4.04411
Epoch 352 | SR Loss: 4.02613 | Domain Loss: 0.49069 | Test Loss: 3.95992
Epoch 353 | SR Loss: 4.02593 | Domain Loss: 0.49035 | Test Loss: 4.01263
Epoch 354 | SR Loss: 4.02518 | Domain Loss: 0.48966 | Test Loss: 4.08351
Epoch 355 | SR Loss: 4.02431 | Domain Loss: 0.48955 | Test Loss: 4.15430
Epoch 356 | SR Loss: 4.01696 | Domain Loss: 0.48914 | Test Loss: 3.94181
Epoch 357 | SR Loss: 4.01479 | Domain Loss: 0.48952 | Test Loss: 4.02578
Epoch 358 | SR Loss: 4.00584 | Domain Loss: 0.49056 | Test Loss: 3.91102
Epoch 359 | SR Loss: 4.01861 | Domain Loss: 0.49058 | Test Loss: 3.92783
Epoch 360 | SR Loss: 4.00356 | Domain Loss: 0.48765 | Test Loss: 3.98345
Epoch 361 | SR Loss: 4.00880 | Domain Loss: 0.48675 | Test Loss: 4.13263
Epoch 362 | SR Loss: 4.00443 | Domain Loss: 0.48544 | Test Loss: 3.95471
Epoch 363 | SR Loss: 4.00232 | Domain Loss: 0.48739 | Test Loss: 3.95948
Epoch 364 | SR Loss: 3.99538 | Domain Loss: 0.48787 | Test Loss: 3.92502
Epoch 365 | SR Loss: 3.99752 | Domain Loss: 0.48632 | Test Loss: 3.96185
Epoch 366 | SR Loss: 3.99310 | Domain Loss: 0.48941 | Test Loss: 3.99085
Epoch 367 | SR Loss: 3.99288 | Domain Loss: 0.48720 | Test Loss: 3.95905
Epoch 368 | SR Loss: 3.99234 | Domain Loss: 0.48706 | Test Loss: 3.93596
Epoch 369 | SR Loss: 3.98611 | Domain Loss: 0.48683 | Test Loss: 3.94350
Epoch 370 | SR Loss: 3.98638 | Domain Loss: 0.48628 | Test Loss: 3.94351
Epoch 371 | SR Loss: 3.98168 | Domain Loss: 0.48653 | Test Loss: 3.91833
Epoch 372 | SR Loss: 3.98041 | Domain Loss: 0.48751 | Test Loss: 3.92462
Epoch 373 | SR Loss: 3.97992 | Domain Loss: 0.48619 | Test Loss: 3.96927
Epoch 374 | SR Loss: 3.97667 | Domain Loss: 0.48501 | Test Loss: 3.99009
Epoch 375 | SR Loss: 3.97405 | Domain Loss: 0.48621 | Test Loss: 3.93619
Epoch 376 | SR Loss: 3.97504 | Domain Loss: 0.48559 | Test Loss: 3.91374
Epoch 377 | SR Loss: 3.97353 | Domain Loss: 0.48516 | Test Loss: 3.96857
Epoch 378 | SR Loss: 3.97452 | Domain Loss: 0.48534 | Test Loss: 4.01006
Epoch 379 | SR Loss: 3.97167 | Domain Loss: 0.48473 | Test Loss: 3.93353
Epoch 380 | SR Loss: 3.96789 | Domain Loss: 0.48377 | Test Loss: 3.96534
Epoch 381 | SR Loss: 3.96847 | Domain Loss: 0.48507 | Test Loss: 3.93810
Epoch 382 | SR Loss: 3.96412 | Domain Loss: 0.48595 | Test Loss: 3.94188
Epoch 383 | SR Loss: 3.96344 | Domain Loss: 0.48430 | Test Loss: 3.92836
Epoch 384 | SR Loss: 3.96296 | Domain Loss: 0.48643 | Test Loss: 3.91794
Epoch 385 | SR Loss: 3.96313 | Domain Loss: 0.48417 | Test Loss: 3.92140
Epoch 386 | SR Loss: 3.96194 | Domain Loss: 0.48676 | Test Loss: 3.92752
Epoch 387 | SR Loss: 3.95876 | Domain Loss: 0.48557 | Test Loss: 3.91706
Epoch 388 | SR Loss: 3.96043 | Domain Loss: 0.48443 | Test Loss: 3.92371
Epoch 389 | SR Loss: 3.95726 | Domain Loss: 0.48508 | Test Loss: 3.93251
Epoch 390 | SR Loss: 3.95810 | Domain Loss: 0.48512 | Test Loss: 3.93901
Epoch 391 | SR Loss: 3.95716 | Domain Loss: 0.48517 | Test Loss: 3.91525
Epoch 392 | SR Loss: 3.95688 | Domain Loss: 0.48479 | Test Loss: 3.93740
Epoch 393 | SR Loss: 3.95608 | Domain Loss: 0.48380 | Test Loss: 3.93781
Epoch 394 | SR Loss: 3.95474 | Domain Loss: 0.48356 | Test Loss: 3.93792
Epoch 395 | SR Loss: 3.95487 | Domain Loss: 0.48241 | Test Loss: 3.93505
Epoch 396 | SR Loss: 3.95470 | Domain Loss: 0.48379 | Test Loss: 3.93169
Epoch 397 | SR Loss: 3.95389 | Domain Loss: 0.48217 | Test Loss: 3.92948
Epoch 398 | SR Loss: 3.95415 | Domain Loss: 0.48406 | Test Loss: 3.93303
Epoch 399 | SR Loss: 3.95374 | Domain Loss: 0.48438 | Test Loss: 3.93248
Final Test MSE: 3.9323956966400146
