/projects/sds-lab/Shuochen/miniconda3/envs/ai_cuda118/lib/python3.9/site-packages/torchvision/models/_utils.py:208: UserWarning: The parameter 'pretrained' is deprecated since 0.13 and may be removed in the future, please use 'weights' instead.
  warnings.warn(
/projects/sds-lab/Shuochen/miniconda3/envs/ai_cuda118/lib/python3.9/site-packages/torchvision/models/_utils.py:223: UserWarning: Arguments other than a weight enum or `None` for 'weights' are deprecated since 0.13 and may be removed in the future. The current behavior is equivalent to passing `weights=VGG19_Weights.IMAGENET1K_V1`. You can also use `weights=VGG19_Weights.DEFAULT` to get the most up-to-date weights.
  warnings.warn(msg)
Using device: cuda
NVIDIA H200
Memory Usage:
Allocated: 0.0 GB
Cached:    0.0 GB
torch.Size([20075, 1, 14, 30]) torch.Size([20075, 1, 56, 120]) torch.Size([34675, 1, 14, 30]) torch.Size([34675, 1, 56, 120])
0 | D: 0.2506 | G: 178.6543 | Align: 0.0005 | Rec: 12.8594 | Res: 145.7516 | Sty: 1.0000 | Idt: 13.3702 | Cyc: 19.8996
1586.5967825962675
1 | D: 0.2510 | G: 172.9738 | Align: 0.0032 | Rec: 11.2710 | Res: 146.5598 | Sty: 1.0000 | Idt: 13.0735 | Cyc: 15.0023
1326.6678844392025
2 | D: 0.2610 | G: 168.9140 | Align: 0.0030 | Rec: 9.7851 | Res: 146.7226 | Sty: 1.0000 | Idt: 12.6012 | Cyc: 12.2702
1076.0058821434238
3 | D: 0.2429 | G: 165.5847 | Align: 0.0127 | Rec: 8.2559 | Res: 146.2308 | Sty: 1.0000 | Idt: 11.6354 | Cyc: 10.9716
849.0141112943105
4 | D: 0.2489 | G: 163.3754 | Align: 0.0005 | Rec: 6.8973 | Res: 146.7482 | Sty: 0.9999 | Idt: 10.9541 | Cyc: 9.6103
671.5322665763143
5 | D: 0.2473 | G: 162.7166 | Align: 0.0091 | Rec: 7.1068 | Res: 146.1362 | Sty: 1.0001 | Idt: 9.8984 | Cyc: 9.3645
549.8075613935898
6 | D: 0.2384 | G: 158.9026 | Align: 0.0084 | Rec: 4.4310 | Res: 146.7717 | Sty: 1.0000 | Idt: 9.3031 | Cyc: 7.5968
272.2576758894564
7 | D: 0.2281 | G: 154.6583 | Align: 0.0116 | Rec: 2.5159 | Res: 146.8091 | Sty: 1.0000 | Idt: 7.9882 | Cyc: 5.2433
102.91419508802814
8 | D: 0.2591 | G: 154.0186 | Align: 0.0083 | Rec: 1.9136 | Res: 146.0713 | Sty: 1.0000 | Idt: 7.1872 | Cyc: 5.9518
40.65905576443518
9 | D: 0.2362 | G: 154.7237 | Align: 0.0186 | Rec: 2.5401 | Res: 146.8600 | Sty: 1.0000 | Idt: 6.5096 | Cyc: 5.2483
15.561520559745922
10 | D: 0.2459 | G: 151.5302 | Align: 0.0124 | Rec: 1.5333 | Res: 145.8765 | Sty: 1.0000 | Idt: 6.1318 | Cyc: 4.0490
7.962956782082991
11 | D: 0.2446 | G: 155.2078 | Align: 0.0189 | Rec: 1.9291 | Res: 148.6194 | Sty: 1.0000 | Idt: 5.5930 | Cyc: 4.5932
6.644298809717236
12 | D: 0.2548 | G: 152.5947 | Align: 0.0303 | Rec: 1.9543 | Res: 145.7657 | Sty: 1.0001 | Idt: 5.2937 | Cyc: 4.8115
6.4577426536151465
13 | D: 0.2525 | G: 152.7066 | Align: 0.0345 | Rec: 1.5189 | Res: 147.1789 | Sty: 1.0002 | Idt: 4.8744 | Cyc: 3.9497
6.784017407883127
14 | D: 0.2497 | G: 157.4659 | Align: 0.0280 | Rec: 4.6070 | Res: 145.9928 | Sty: 0.9999 | Idt: 4.5302 | Cyc: 6.8106
28.34820357628256
15 | D: 0.2428 | G: 152.6612 | Align: 0.0230 | Rec: 1.5094 | Res: 146.6165 | Sty: 0.9996 | Idt: 4.3977 | Cyc: 4.4811
6.424644804837411
16 | D: 0.2679 | G: 153.4718 | Align: 0.0387 | Rec: 2.2055 | Res: 146.4170 | Sty: 0.9998 | Idt: 4.1446 | Cyc: 4.7975
6.480220980921611
17 | D: 0.2253 | G: 152.3139 | Align: 0.0230 | Rec: 1.3923 | Res: 146.3112 | Sty: 1.0002 | Idt: 3.9445 | Cyc: 4.5608
9.958670375309712
18 | D: 0.2295 | G: 152.4294 | Align: 0.0191 | Rec: 1.5842 | Res: 146.4356 | Sty: 0.9998 | Idt: 3.7776 | Cyc: 4.3616
5.957189757187721
19 | D: 0.2366 | G: 152.5717 | Align: 0.0269 | Rec: 1.5060 | Res: 146.2373 | Sty: 0.9998 | Idt: 3.6058 | Cyc: 4.7821
12.731470076331142
20 | D: 0.2337 | G: 153.6217 | Align: 0.0198 | Rec: 1.4378 | Res: 146.7782 | Sty: 0.9997 | Idt: 3.4724 | Cyc: 5.3609
14.898457527160645
21 | D: 0.2289 | G: 151.7501 | Align: 0.0502 | Rec: 1.7392 | Res: 146.1361 | Sty: 0.9997 | Idt: 3.3222 | Cyc: 3.8311
5.747651406162223
22 | D: 0.2062 | G: 153.1992 | Align: 0.0303 | Rec: 1.9821 | Res: 146.9522 | Sty: 1.0003 | Idt: 3.1889 | Cyc: 4.2228
8.460872337538559
23 | D: 0.2479 | G: 153.6633 | Align: 0.0102 | Rec: 2.0011 | Res: 146.0285 | Sty: 0.9998 | Idt: 3.1668 | Cyc: 5.5919
5.317441047613861
24 | D: 0.2344 | G: 152.5659 | Align: 0.0185 | Rec: 1.3508 | Res: 146.8142 | Sty: 1.0002 | Idt: 3.0382 | Cyc: 4.3603
5.18308140762625
25 | D: 0.2130 | G: 153.3945 | Align: 0.0356 | Rec: 2.7896 | Res: 146.5413 | Sty: 1.0009 | Idt: 2.8688 | Cyc: 4.0246
8.883421185494349
26 | D: 0.2232 | G: 150.7529 | Align: 0.0239 | Rec: 1.4334 | Res: 144.9093 | Sty: 0.9999 | Idt: 2.7837 | Cyc: 4.3720
5.35250876881079
27 | D: 0.2272 | G: 151.1179 | Align: 0.0260 | Rec: 1.5957 | Res: 145.4205 | Sty: 1.0003 | Idt: 2.6940 | Cyc: 4.0645
5.792200965564337
28 | D: 0.2223 | G: 152.2072 | Align: 0.0343 | Rec: 1.3695 | Res: 146.2625 | Sty: 1.0003 | Idt: 2.6195 | Cyc: 4.5387
5.750980174222261
29 | D: 0.2441 | G: 152.4023 | Align: 0.0385 | Rec: 1.8020 | Res: 145.3570 | Sty: 0.9997 | Idt: 2.5778 | Cyc: 5.2072
8.090575359974983
30 | D: 0.2310 | G: 153.9908 | Align: 0.0182 | Rec: 1.5823 | Res: 147.9996 | Sty: 0.9995 | Idt: 2.4479 | Cyc: 4.3742
5.206814788825404
31 | D: 0.2246 | G: 152.5990 | Align: 0.0317 | Rec: 1.6738 | Res: 146.1791 | Sty: 1.0001 | Idt: 2.3471 | Cyc: 4.7123
5.50005446202427
32 | D: 0.2214 | G: 153.1895 | Align: 0.0289 | Rec: 1.3029 | Res: 147.2375 | Sty: 0.9997 | Idt: 2.3243 | Cyc: 4.6156
4.918737179244545
33 | D: 0.2484 | G: 154.3999 | Align: 0.0230 | Rec: 2.0515 | Res: 146.1081 | Sty: 1.0000 | Idt: 2.2856 | Cyc: 6.2073
10.494338589912196
34 | D: 0.2201 | G: 151.6340 | Align: 0.0494 | Rec: 2.3769 | Res: 145.4029 | Sty: 1.0001 | Idt: 2.1497 | Cyc: 3.8222
22.280489115833905
35 | D: 0.2050 | G: 153.7567 | Align: 0.0732 | Rec: 1.3446 | Res: 147.6283 | Sty: 1.0004 | Idt: 2.1433 | Cyc: 4.7515
5.064219250243126
36 | D: 0.2471 | G: 153.1466 | Align: 0.1091 | Rec: 2.1299 | Res: 146.4296 | Sty: 0.9993 | Idt: 2.0585 | Cyc: 4.5554
16.75037456153172
37 | D: 0.1878 | G: 155.2117 | Align: 0.0486 | Rec: 2.4847 | Res: 148.2295 | Sty: 1.0004 | Idt: 1.9739 | Cyc: 4.4671
4.921415326337735
38 | D: 0.2213 | G: 152.2086 | Align: 0.0570 | Rec: 2.0306 | Res: 146.2505 | Sty: 0.9995 | Idt: 1.9403 | Cyc: 3.8975
7.984575994127015
39 | D: 0.2306 | G: 152.7987 | Align: 0.0517 | Rec: 1.8007 | Res: 145.9510 | Sty: 1.0003 | Idt: 1.9701 | Cyc: 5.0168
7.196977933247884
40 | D: 0.2153 | G: 151.3278 | Align: 0.0386 | Rec: 1.3741 | Res: 145.2191 | Sty: 1.0002 | Idt: 1.9002 | Cyc: 4.7053
5.525331094104277
41 | D: 0.2040 | G: 152.7373 | Align: 0.0675 | Rec: 1.5781 | Res: 146.6458 | Sty: 1.0000 | Idt: 1.8382 | Cyc: 4.4843
4.861450086340019
42 | D: 0.2377 | G: 150.7027 | Align: 0.0446 | Rec: 1.7775 | Res: 145.0171 | Sty: 0.9996 | Idt: 1.7700 | Cyc: 3.8800
6.66086966751465
43 | D: 0.2344 | G: 151.9775 | Align: 0.0489 | Rec: 1.4204 | Res: 145.4190 | Sty: 0.9999 | Idt: 1.8029 | Cyc: 5.1096
5.744577845488008
44 | D: 0.1973 | G: 152.2827 | Align: 0.0416 | Rec: 1.2838 | Res: 146.2355 | Sty: 1.0001 | Idt: 1.7485 | Cyc: 4.7356
5.117565793453932
45 | D: 0.1897 | G: 153.4759 | Align: 0.0651 | Rec: 1.8121 | Res: 147.3829 | Sty: 0.9986 | Idt: 1.6876 | Cyc: 4.2534
7.383700757365697
46 | D: 0.2339 | G: 152.1937 | Align: 0.0959 | Rec: 1.3529 | Res: 145.9197 | Sty: 1.0002 | Idt: 1.6515 | Cyc: 4.8937
11.555829858295585
47 | D: 0.1755 | G: 154.0233 | Align: 0.0546 | Rec: 1.7013 | Res: 147.9039 | Sty: 1.0004 | Idt: 1.5876 | Cyc: 4.3917
6.277786343381676
48 | D: 0.2233 | G: 151.6338 | Align: 0.0348 | Rec: 1.5922 | Res: 145.2182 | Sty: 0.9996 | Idt: 1.5886 | Cyc: 4.7970
7.771524180115535
49 | D: 0.1834 | G: 151.0141 | Align: 0.0652 | Rec: 1.2057 | Res: 145.7449 | Sty: 0.9994 | Idt: 1.5237 | Cyc: 4.0375
5.651711838617439
50 | D: 0.2563 | G: 152.1240 | Align: 0.0742 | Rec: 1.8606 | Res: 146.0909 | Sty: 1.0003 | Idt: 1.5146 | Cyc: 4.1467
7.807096578627962
51 | D: 0.2163 | G: 151.8668 | Align: 0.0567 | Rec: 1.6210 | Res: 146.2626 | Sty: 0.9994 | Idt: 1.4535 | Cyc: 3.9581
6.502523063402537
52 | D: 0.2284 | G: 152.7282 | Align: 0.0573 | Rec: 2.4646 | Res: 146.0236 | Sty: 1.0001 | Idt: 1.4797 | Cyc: 4.2146
4.963595266377387
53 | D: 0.2448 | G: 152.1679 | Align: 0.0772 | Rec: 1.3663 | Res: 146.1279 | Sty: 1.0002 | Idt: 1.4386 | Cyc: 4.6485
7.2940271805528125
54 | D: 0.2113 | G: 153.4493 | Align: 0.0817 | Rec: 1.3492 | Res: 147.7556 | Sty: 1.0004 | Idt: 1.3861 | Cyc: 4.3198
10.594620039808673
55 | D: 0.2268 | G: 153.4711 | Align: 0.0465 | Rec: 1.6607 | Res: 147.0786 | Sty: 1.0000 | Idt: 1.3866 | Cyc: 4.7075
10.118356958320597
56 | D: 0.2169 | G: 151.8179 | Align: 0.0916 | Rec: 1.6680 | Res: 145.4892 | Sty: 1.0001 | Idt: 1.3787 | Cyc: 4.6360
12.921387284086022
57 | D: 0.1868 | G: 154.1081 | Align: 0.0801 | Rec: 2.2637 | Res: 147.3441 | Sty: 0.9998 | Idt: 1.3887 | Cyc: 4.4756
11.053475753312187
58 | D: 0.2201 | G: 150.8345 | Align: 0.0518 | Rec: 1.2416 | Res: 144.8255 | Sty: 0.9997 | Idt: 1.3053 | Cyc: 4.7439
4.751384542039006
59 | D: 0.1959 | G: 151.9344 | Align: 0.0607 | Rec: 1.5231 | Res: 146.4359 | Sty: 0.9997 | Idt: 1.2599 | Cyc: 3.9522
4.693718881818397
60 | D: 0.2168 | G: 151.2294 | Align: 0.0443 | Rec: 1.2555 | Res: 145.6430 | Sty: 1.0002 | Idt: 1.2439 | Cyc: 4.3080
5.512850219413074
61 | D: 0.2020 | G: 151.7096 | Align: 0.0813 | Rec: 1.2015 | Res: 146.2252 | Sty: 1.0003 | Idt: 1.2136 | Cyc: 4.2600
9.411816831660953
62 | D: 0.2643 | G: 151.3752 | Align: 0.0873 | Rec: 1.7708 | Res: 145.6273 | Sty: 1.0002 | Idt: 1.2038 | Cyc: 3.9542
5.228725742435191
63 | D: 0.1994 | G: 154.8774 | Align: 0.1523 | Rec: 1.6196 | Res: 148.3616 | Sty: 0.9996 | Idt: 1.2133 | Cyc: 4.8725
6.056858145078904
64 | D: 0.1949 | G: 153.8253 | Align: 0.0845 | Rec: 2.1217 | Res: 146.6431 | Sty: 1.0001 | Idt: 1.2067 | Cyc: 5.0375
6.810579979738921
65 | D: 0.2502 | G: 151.7720 | Align: 0.0921 | Rec: 2.2337 | Res: 144.8510 | Sty: 0.9994 | Idt: 1.1471 | Cyc: 4.6649
6.371810744894068
66 | D: 0.2156 | G: 151.7103 | Align: 0.0830 | Rec: 1.4540 | Res: 145.5753 | Sty: 0.9996 | Idt: 1.1288 | Cyc: 4.6588
4.9296468818837145
67 | D: 0.2063 | G: 154.0584 | Align: 0.0535 | Rec: 1.2841 | Res: 148.2803 | Sty: 1.0008 | Idt: 1.1309 | Cyc: 4.4720
5.248316566919907
68 | D: 0.1903 | G: 152.4426 | Align: 0.0733 | Rec: 1.2069 | Res: 147.7711 | Sty: 0.9996 | Idt: 1.0679 | Cyc: 3.4431
4.825899625639066
69 | D: 0.2045 | G: 152.7194 | Align: 0.0710 | Rec: 1.2015 | Res: 147.2073 | Sty: 1.0005 | Idt: 1.0797 | Cyc: 4.2891
4.885173899094924
70 | D: 0.1968 | G: 151.5058 | Align: 0.0822 | Rec: 1.3421 | Res: 145.1242 | Sty: 1.0006 | Idt: 1.1186 | Cyc: 5.0174
5.1738864076654885
71 | D: 0.2046 | G: 151.7216 | Align: 0.0605 | Rec: 1.4204 | Res: 146.1679 | Sty: 1.0002 | Idt: 1.0544 | Cyc: 4.1122
5.279306420989314
72 | D: 0.2233 | G: 152.5579 | Align: 0.0655 | Rec: 1.7700 | Res: 145.9914 | Sty: 1.0008 | Idt: 1.0948 | Cyc: 4.7749
11.194557364297376
73 | D: 0.2010 | G: 150.9672 | Align: 0.0533 | Rec: 1.1465 | Res: 146.1103 | Sty: 0.9997 | Idt: 0.9857 | Cyc: 3.6900
4.589040189348539
74 | D: 0.2055 | G: 153.4805 | Align: 0.0410 | Rec: 1.2303 | Res: 147.4477 | Sty: 1.0000 | Idt: 1.0697 | Cyc: 4.7815
9.980857078608604
75 | D: 0.1973 | G: 150.5493 | Align: 0.0709 | Rec: 1.4238 | Res: 145.1238 | Sty: 0.9993 | Idt: 0.9798 | Cyc: 3.9812
6.791867323089064
76 | D: 0.2083 | G: 151.7497 | Align: 0.0785 | Rec: 1.4486 | Res: 146.5154 | Sty: 1.0009 | Idt: 0.9718 | Cyc: 3.7653
10.315560042362794
77 | D: 0.1993 | G: 152.0684 | Align: 0.1006 | Rec: 1.3502 | Res: 146.6543 | Sty: 1.0003 | Idt: 0.9723 | Cyc: 4.0431
4.4271969251465375
78 | D: 0.1624 | G: 152.2639 | Align: 0.0854 | Rec: 1.2588 | Res: 147.2791 | Sty: 0.9995 | Idt: 0.9089 | Cyc: 3.7061
4.197743778633829
79 | D: 0.2113 | G: 152.2172 | Align: 0.0490 | Rec: 1.9792 | Res: 145.7687 | Sty: 1.0000 | Idt: 0.9754 | Cyc: 4.4491
7.141659492711061
80 | D: 0.2183 | G: 153.4989 | Align: 0.0621 | Rec: 1.6895 | Res: 147.4860 | Sty: 0.9992 | Idt: 0.9077 | Cyc: 4.3036
4.469209750713514
81 | D: 0.3119 | G: 151.6606 | Align: 0.1586 | Rec: 1.3779 | Res: 145.8262 | Sty: 1.0002 | Idt: 0.9275 | Cyc: 4.4356
6.123598369094694
82 | D: 0.1821 | G: 153.5248 | Align: 0.1279 | Rec: 1.1813 | Res: 148.1090 | Sty: 0.9999 | Idt: 0.9040 | Cyc: 4.2142
5.123050409010573
83 | D: 0.1975 | G: 151.7829 | Align: 0.1029 | Rec: 1.2724 | Res: 146.3455 | Sty: 1.0014 | Idt: 0.8813 | Cyc: 4.1451
4.568584042132616
84 | D: 0.1922 | G: 152.7790 | Align: 0.0563 | Rec: 1.0030 | Res: 147.2069 | Sty: 1.0002 | Idt: 0.9299 | Cyc: 4.5493
5.813966577623249
85 | D: 0.2146 | G: 152.1648 | Align: 0.0581 | Rec: 1.2244 | Res: 146.7441 | Sty: 1.0004 | Idt: 0.8717 | Cyc: 4.1770
5.65849854389166
86 | D: 0.1713 | G: 152.0829 | Align: 0.0662 | Rec: 1.2621 | Res: 145.8049 | Sty: 0.9996 | Idt: 0.9028 | Cyc: 4.9961
6.396193820023471
87 | D: 0.1988 | G: 150.7532 | Align: 0.0663 | Rec: 1.1389 | Res: 145.6716 | Sty: 0.9996 | Idt: 0.8309 | Cyc: 3.9237
4.907741991766932
88 | D: 0.1965 | G: 151.5009 | Align: 0.0599 | Rec: 1.3743 | Res: 145.4290 | Sty: 1.0000 | Idt: 0.8618 | Cyc: 4.6784
4.5789674774761675
89 | D: 0.1896 | G: 150.9729 | Align: 0.0693 | Rec: 1.3802 | Res: 145.5192 | Sty: 1.0002 | Idt: 0.8163 | Cyc: 4.0545
6.1406949242286295
90 | D: 0.1817 | G: 151.7620 | Align: 0.0575 | Rec: 1.1739 | Res: 147.4262 | Sty: 1.0010 | Idt: 0.7751 | Cyc: 3.1436
6.834141255305634
91 | D: 0.1777 | G: 152.2888 | Align: 0.0710 | Rec: 1.2293 | Res: 146.2537 | Sty: 0.9996 | Idt: 0.8328 | Cyc: 4.7868
4.331230303587345
92 | D: 0.2398 | G: 152.1930 | Align: 0.0749 | Rec: 1.3901 | Res: 146.5235 | Sty: 0.9998 | Idt: 0.7956 | Cyc: 4.2607
4.784315699245351
93 | D: 0.1868 | G: 151.6501 | Align: 0.0799 | Rec: 1.2183 | Res: 146.4030 | Sty: 0.9999 | Idt: 0.7715 | Cyc: 4.0103
4.2088706627667
94 | D: 0.2108 | G: 154.1603 | Align: 0.0955 | Rec: 1.9984 | Res: 147.1481 | Sty: 1.0012 | Idt: 0.8010 | Cyc: 4.9948
7.572199774360833
95 | D: 0.2271 | G: 151.9300 | Align: 0.1333 | Rec: 1.1014 | Res: 146.8062 | Sty: 1.0000 | Idt: 0.7641 | Cyc: 4.0034
7.416312193056003
96 | D: 0.2077 | G: 151.4530 | Align: 0.0806 | Rec: 1.4018 | Res: 145.8121 | Sty: 1.0002 | Idt: 0.7409 | Cyc: 4.2209
6.861290130808963
97 | D: 0.1912 | G: 151.4436 | Align: 0.0698 | Rec: 1.1825 | Res: 146.2601 | Sty: 1.0001 | Idt: 0.7437 | Cyc: 3.9830
5.210291504969997
98 | D: 0.1848 | G: 154.3251 | Align: 0.0976 | Rec: 1.2652 | Res: 146.7954 | Sty: 1.0010 | Idt: 0.8642 | Cyc: 6.2450
5.310254598478421
99 | D: 0.1940 | G: 151.1483 | Align: 0.1177 | Rec: 1.1775 | Res: 145.6516 | Sty: 1.0006 | Idt: 0.7462 | Cyc: 4.3006
4.203822821901555
100 | D: 0.1871 | G: 151.2256 | Align: 0.0924 | Rec: 1.2473 | Res: 145.5284 | Sty: 0.9992 | Idt: 0.7394 | Cyc: 4.4315
6.502958923385634
101 | D: 0.1808 | G: 152.7037 | Align: 0.0693 | Rec: 1.2541 | Res: 146.6482 | Sty: 1.0001 | Idt: 0.7541 | Cyc: 4.7831
7.3129936145173104
102 | D: 0.1962 | G: 152.5129 | Align: 0.0832 | Rec: 1.2487 | Res: 147.0750 | Sty: 1.0012 | Idt: 0.6989 | Cyc: 4.1714
7.183997473448157
103 | D: 0.1587 | G: 153.1115 | Align: 0.0758 | Rec: 1.1850 | Res: 146.3290 | Sty: 0.9996 | Idt: 0.7987 | Cyc: 5.5788
10.011500490229105
104 | D: 0.3093 | G: 152.4885 | Align: 0.1071 | Rec: 1.9712 | Res: 146.2404 | Sty: 1.0005 | Idt: 5.8121 | Cyc: 4.2077
16.433771005737924
105 | D: 0.2565 | G: 151.8091 | Align: 0.0237 | Rec: 1.2205 | Res: 145.9954 | Sty: 1.0000 | Idt: 2.6278 | Cyc: 4.5568
5.22929310182235
106 | D: 0.2647 | G: 151.8924 | Align: 0.0410 | Rec: 1.2722 | Res: 146.3568 | Sty: 1.0009 | Idt: 1.4621 | Cyc: 4.2383
5.3783324343786125
107 | D: 0.2445 | G: 152.2521 | Align: 0.0099 | Rec: 1.3033 | Res: 146.7758 | Sty: 1.0001 | Idt: 1.0353 | Cyc: 4.1526
4.9375881618189785
108 | D: 0.2366 | G: 151.8692 | Align: 0.0095 | Rec: 1.3052 | Res: 146.4686 | Sty: 1.0006 | Idt: 0.8731 | Cyc: 4.0766
5.102171503165642
109 | D: 0.2338 | G: 153.1737 | Align: 0.0233 | Rec: 1.3493 | Res: 147.2951 | Sty: 0.9995 | Idt: 0.7875 | Cyc: 4.5112
4.751258349044392
110 | D: 0.2243 | G: 151.7231 | Align: 0.0099 | Rec: 1.6292 | Res: 145.6475 | Sty: 1.0004 | Idt: 0.6868 | Cyc: 4.4295
6.272433195528011
111 | D: 0.2609 | G: 151.5832 | Align: 0.0347 | Rec: 1.1745 | Res: 146.0432 | Sty: 1.0003 | Idt: 0.6737 | Cyc: 4.3484
4.5684290469408255
112 | D: 0.2358 | G: 152.4827 | Align: 0.0091 | Rec: 1.3775 | Res: 146.9424 | Sty: 0.9991 | Idt: 0.6022 | Cyc: 4.1467
8.219212984664509
113 | D: 0.2270 | G: 151.9915 | Align: 0.0150 | Rec: 1.2800 | Res: 145.8328 | Sty: 0.9994 | Idt: 0.6218 | Cyc: 4.8623
4.976932738296213
114 | D: 0.2343 | G: 152.9609 | Align: 0.0135 | Rec: 1.3533 | Res: 146.4989 | Sty: 1.0003 | Idt: 0.5724 | Cyc: 5.0928
4.552783747238906
115 | D: 0.2497 | G: 150.6800 | Align: 0.0260 | Rec: 1.5049 | Res: 145.2240 | Sty: 0.9997 | Idt: 0.5305 | Cyc: 3.9355
8.688956052862926
116 | D: 0.2083 | G: 153.5979 | Align: 0.0172 | Rec: 1.1706 | Res: 148.4111 | Sty: 0.9999 | Idt: 0.5006 | Cyc: 4.0011
4.404186179213026
117 | D: 0.2289 | G: 151.2628 | Align: 0.0155 | Rec: 1.2152 | Res: 145.5261 | Sty: 0.9994 | Idt: 0.4916 | Cyc: 4.5064
4.830836602305221
118 | D: 0.2339 | G: 149.9718 | Align: 0.0179 | Rec: 1.4838 | Res: 144.9977 | Sty: 1.0000 | Idt: 0.4389 | Cyc: 3.4758
4.713200692434831
119 | D: 0.2339 | G: 151.7926 | Align: 0.0216 | Rec: 1.2473 | Res: 146.1282 | Sty: 1.0001 | Idt: 0.4522 | Cyc: 4.4023
8.309599043369733
120 | D: 0.2251 | G: 152.5400 | Align: 0.0203 | Rec: 1.1009 | Res: 147.2270 | Sty: 1.0003 | Idt: 0.4376 | Cyc: 4.1975
4.2679412180036715
121 | D: 0.2056 | G: 152.7307 | Align: 0.0225 | Rec: 1.4619 | Res: 146.8799 | Sty: 0.9998 | Idt: 0.4473 | Cyc: 4.3742
6.599841018352702
122 | D: 0.2102 | G: 153.0786 | Align: 0.0270 | Rec: 1.3363 | Res: 146.9465 | Sty: 1.0007 | Idt: 0.4347 | Cyc: 4.7812
7.683997966576151
123 | D: 0.2262 | G: 151.9777 | Align: 0.0421 | Rec: 1.1361 | Res: 146.3508 | Sty: 1.0003 | Idt: 0.4288 | Cyc: 4.4762
4.599918226566121
124 | D: 0.2362 | G: 150.8361 | Align: 0.0395 | Rec: 1.7825 | Res: 144.5615 | Sty: 1.0002 | Idt: 0.4295 | Cyc: 4.4774
4.926893075747503
125 | D: 0.2047 | G: 151.5636 | Align: 0.0560 | Rec: 1.3678 | Res: 145.9230 | Sty: 1.0003 | Idt: 0.4000 | Cyc: 4.2583
5.214567066229612
126 | D: 0.1927 | G: 153.2357 | Align: 0.0485 | Rec: 1.2289 | Res: 147.2809 | Sty: 1.0003 | Idt: 0.4113 | Cyc: 4.7113
4.309304150628031
127 | D: 0.2293 | G: 151.5684 | Align: 0.0135 | Rec: 1.9601 | Res: 145.6159 | Sty: 0.9999 | Idt: 0.8835 | Cyc: 3.9735
10.746683383142079
128 | D: 0.2347 | G: 151.7956 | Align: 0.0158 | Rec: 1.1247 | Res: 146.4368 | Sty: 1.0002 | Idt: 0.5540 | Cyc: 4.2183
4.316122898434668
129 | D: 0.2483 | G: 151.5619 | Align: 0.0122 | Rec: 1.3448 | Res: 146.0919 | Sty: 0.9986 | Idt: 0.5039 | Cyc: 4.1100
4.3638053966251
130 | D: 0.2264 | G: 152.3895 | Align: 0.0115 | Rec: 1.1648 | Res: 146.6746 | Sty: 1.0001 | Idt: 0.4568 | Cyc: 4.5354
4.240322082656903
131 | D: 0.2396 | G: 150.9713 | Align: 0.0076 | Rec: 1.1168 | Res: 145.5912 | Sty: 1.0003 | Idt: 0.4320 | Cyc: 4.2489
4.30018073413951
132 | D: 0.2171 | G: 152.6948 | Align: 0.0130 | Rec: 1.2201 | Res: 146.7942 | Sty: 1.0003 | Idt: 0.4245 | Cyc: 4.6661
4.282380403904373
133 | D: 0.2137 | G: 152.8824 | Align: 0.0113 | Rec: 1.2276 | Res: 147.0482 | Sty: 1.0000 | Idt: 0.4225 | Cyc: 4.5923
4.747897732400938
134 | D: 0.2346 | G: 150.6413 | Align: 0.0188 | Rec: 1.2167 | Res: 145.1890 | Sty: 1.0007 | Idt: 0.3793 | Cyc: 4.2216
9.165502919384647
135 | D: 0.2270 | G: 151.8414 | Align: 0.0142 | Rec: 1.1184 | Res: 146.6646 | Sty: 1.0002 | Idt: 0.3667 | Cyc: 4.0445
4.153523139346009
136 | D: 0.2092 | G: 152.9147 | Align: 0.0222 | Rec: 1.2194 | Res: 146.9555 | Sty: 1.0002 | Idt: 0.3989 | Cyc: 4.7256
7.151725652805656
137 | D: 0.2334 | G: 152.9790 | Align: 0.0318 | Rec: 1.1854 | Res: 147.4767 | Sty: 1.0003 | Idt: 0.3609 | Cyc: 4.3030
4.297864244475149
138 | D: 0.2104 | G: 152.4407 | Align: 0.0333 | Rec: 1.2112 | Res: 145.8990 | Sty: 0.9999 | Idt: 0.4052 | Cyc: 5.3161
5.131742536196088
139 | D: 0.2379 | G: 152.3926 | Align: 0.0355 | Rec: 1.1953 | Res: 146.5246 | Sty: 1.0000 | Idt: 0.3771 | Cyc: 4.6585
4.409828307996277
140 | D: 0.1928 | G: 151.2643 | Align: 0.0384 | Rec: 1.2923 | Res: 145.4376 | Sty: 1.0000 | Idt: 0.3735 | Cyc: 4.5203
4.712087167597213
141 | D: 0.2647 | G: 150.5885 | Align: 0.0949 | Rec: 1.3179 | Res: 145.1576 | Sty: 1.0006 | Idt: 0.3323 | Cyc: 4.0986
4.325553579013434
142 | D: 0.2205 | G: 152.5590 | Align: 0.0642 | Rec: 1.3650 | Res: 146.4774 | Sty: 1.0001 | Idt: 0.3914 | Cyc: 4.7021
5.721925292979317
143 | D: 0.2907 | G: 152.2635 | Align: 0.2861 | Rec: 1.3809 | Res: 145.8180 | Sty: 1.0000 | Idt: 0.3694 | Cyc: 5.0482
4.720818036591027
144 | D: 0.2288 | G: 151.6553 | Align: 0.0707 | Rec: 1.1452 | Res: 146.2707 | Sty: 1.0006 | Idt: 0.3383 | Cyc: 4.2254
4.513629953837021
145 | D: 0.2410 | G: 151.3614 | Align: 0.1316 | Rec: 1.1330 | Res: 145.7319 | Sty: 1.0003 | Idt: 0.3429 | Cyc: 4.4818
4.463308169460913
146 | D: 0.2417 | G: 151.5741 | Align: 0.0507 | Rec: 1.1149 | Res: 146.4619 | Sty: 1.0002 | Idt: 0.3216 | Cyc: 3.9836
4.771462710170094
147 | D: 0.1836 | G: 152.8161 | Align: 0.0496 | Rec: 1.3281 | Res: 147.0158 | Sty: 1.0000 | Idt: 0.3339 | Cyc: 4.4584
4.042144818539325
148 | D: 0.2438 | G: 151.0790 | Align: 0.0975 | Rec: 1.3354 | Res: 146.0670 | Sty: 0.9996 | Idt: 0.2822 | Cyc: 3.6627
10.70702096475899
149 | D: 0.2205 | G: 151.5598 | Align: 0.0330 | Rec: 1.0898 | Res: 146.2648 | Sty: 0.9997 | Idt: 0.3219 | Cyc: 4.1916
4.361326061567551
150 | D: 0.2650 | G: 149.9608 | Align: 0.1182 | Rec: 1.1590 | Res: 145.1395 | Sty: 0.9998 | Idt: 0.2899 | Cyc: 3.6483
4.409159641406763
151 | D: 0.2276 | G: 152.8051 | Align: 0.0817 | Rec: 1.3568 | Res: 146.8057 | Sty: 1.0002 | Idt: 0.3252 | Cyc: 4.6286
4.810148241997646
152 | D: 0.2670 | G: 152.2876 | Align: 0.1824 | Rec: 1.0244 | Res: 147.2783 | Sty: 1.0002 | Idt: 0.3066 | Cyc: 3.9700
4.3044552943933265
153 | D: 0.2548 | G: 151.6498 | Align: 0.0389 | Rec: 1.2134 | Res: 146.2845 | Sty: 1.0003 | Idt: 0.2914 | Cyc: 4.1387
6.055897341100353
154 | D: 0.2167 | G: 152.0747 | Align: 0.0392 | Rec: 1.2006 | Res: 146.5223 | Sty: 1.0000 | Idt: 0.3243 | Cyc: 4.3382
4.0600792428242976
155 | D: 0.2169 | G: 152.8192 | Align: 0.0422 | Rec: 1.2628 | Res: 147.2535 | Sty: 0.9995 | Idt: 0.3157 | Cyc: 4.2893
4.165759603292548
156 | D: 0.1757 | G: 152.3519 | Align: 0.0556 | Rec: 1.0905 | Res: 147.0882 | Sty: 0.9999 | Idt: 0.3207 | Cyc: 4.1594
4.021767040368923
157 | D: 0.1916 | G: 152.0859 | Align: 0.0566 | Rec: 1.3355 | Res: 146.3677 | Sty: 1.0006 | Idt: 0.3402 | Cyc: 4.3687
6.184412548966906
158 | D: 0.2224 | G: 152.3657 | Align: 0.0678 | Rec: 1.4789 | Res: 146.6738 | Sty: 0.9999 | Idt: 0.3456 | Cyc: 4.1989
4.1318338005386455
159 | D: 0.1925 | G: 151.1673 | Align: 0.0570 | Rec: 1.0981 | Res: 146.6912 | Sty: 1.0001 | Idt: 0.2859 | Cyc: 3.3645
5.570537707151798
160 | D: 0.2453 | G: 150.9615 | Align: 0.0396 | Rec: 1.0544 | Res: 145.8959 | Sty: 1.0006 | Idt: 0.3090 | Cyc: 3.9976
5.154512343094069
161 | D: 0.2659 | G: 151.4803 | Align: 0.0517 | Rec: 1.1458 | Res: 146.0297 | Sty: 0.9999 | Idt: 0.3160 | Cyc: 4.2911
4.225857228783689
162 | D: 0.2768 | G: 151.4228 | Align: 0.0619 | Rec: 1.1993 | Res: 145.1567 | Sty: 0.9995 | Idt: 0.3900 | Cyc: 5.0522
4.6456965259788
163 | D: 0.1765 | G: 151.6096 | Align: 0.0464 | Rec: 1.0546 | Res: 146.6422 | Sty: 1.0003 | Idt: 0.3049 | Cyc: 3.8993
4.376497644466706
164 | D: 0.2292 | G: 152.5674 | Align: 0.1136 | Rec: 0.9877 | Res: 147.3137 | Sty: 1.0001 | Idt: 0.3183 | Cyc: 4.2517
4.091619858120947
165 | D: 0.1918 | G: 151.2467 | Align: 0.0556 | Rec: 1.2080 | Res: 146.4470 | Sty: 0.9995 | Idt: 0.2904 | Cyc: 3.5783
4.017013018591362
166 | D: 0.1986 | G: 151.6239 | Align: 0.0859 | Rec: 1.1580 | Res: 146.3128 | Sty: 0.9997 | Idt: 0.3078 | Cyc: 4.1391
4.315316790909208
167 | D: 0.2131 | G: 154.4413 | Align: 0.0947 | Rec: 1.1649 | Res: 148.9904 | Sty: 1.0000 | Idt: 0.3380 | Cyc: 4.2717
4.007085504954541
168 | D: 0.2191 | G: 153.3685 | Align: 0.0538 | Rec: 1.3048 | Res: 146.9322 | Sty: 1.0003 | Idt: 0.3544 | Cyc: 5.1174
4.8810084035632135
169 | D: 0.2112 | G: 152.1947 | Align: 0.0706 | Rec: 1.2795 | Res: 146.3435 | Sty: 1.0005 | Idt: 0.3206 | Cyc: 4.5578
4.366543728228751
170 | D: 0.1936 | G: 152.9474 | Align: 0.0735 | Rec: 1.3195 | Res: 146.2494 | Sty: 0.9998 | Idt: 0.3786 | Cyc: 5.3640
4.341552746262907
171 | D: 0.2950 | G: 152.2297 | Align: 0.2657 | Rec: 0.9701 | Res: 146.8566 | Sty: 1.0006 | Idt: 0.3305 | Cyc: 4.3870
3.9288593602202497
172 | D: 0.2064 | G: 154.0381 | Align: 0.0404 | Rec: 1.3347 | Res: 148.1297 | Sty: 1.0003 | Idt: 0.3182 | Cyc: 4.5601
4.138393756535355
173 | D: 0.2361 | G: 152.2294 | Align: 0.1147 | Rec: 1.1523 | Res: 146.5313 | Sty: 1.0000 | Idt: 0.3458 | Cyc: 4.5313
7.081038239479946
174 | D: 0.2597 | G: 151.7506 | Align: 0.0947 | Rec: 1.2352 | Res: 146.2549 | Sty: 1.0000 | Idt: 0.2926 | Cyc: 4.2467
4.016319508477702
175 | D: 0.2479 | G: 153.0630 | Align: 0.0452 | Rec: 1.1484 | Res: 147.7845 | Sty: 0.9996 | Idt: 0.3006 | Cyc: 4.1167
4.068796824440291
176 | D: 0.2241 | G: 151.7668 | Align: 0.0728 | Rec: 1.0418 | Res: 146.3824 | Sty: 0.9999 | Idt: 0.3124 | Cyc: 4.3287
4.149923777426158
177 | D: 0.2070 | G: 151.2019 | Align: 0.0988 | Rec: 1.1577 | Res: 146.3119 | Sty: 1.0006 | Idt: 0.2742 | Cyc: 3.7185
4.061167469535398
178 | D: 0.1792 | G: 152.5995 | Align: 0.0570 | Rec: 1.1076 | Res: 147.5938 | Sty: 1.0004 | Idt: 0.2937 | Cyc: 3.8846
4.06699177542992
179 | D: 0.2247 | G: 151.3960 | Align: 0.0434 | Rec: 1.0533 | Res: 146.5007 | Sty: 1.0000 | Idt: 0.2889 | Cyc: 3.8287
4.700604540489387
180 | D: 0.2169 | G: 151.0265 | Align: 0.1753 | Rec: 1.0902 | Res: 145.9570 | Sty: 1.0001 | Idt: 0.3066 | Cyc: 3.9645
5.215209139351039
181 | D: 0.1915 | G: 150.9364 | Align: 0.0821 | Rec: 1.0498 | Res: 146.1141 | Sty: 1.0003 | Idt: 0.2789 | Cyc: 3.7589
4.108529163309521
182 | D: 0.3017 | G: 152.6829 | Align: 0.2547 | Rec: 1.1367 | Res: 147.2719 | Sty: 1.0000 | Idt: 0.3094 | Cyc: 4.2586
3.979537025823267
183 | D: 0.2054 | G: 152.0173 | Align: 0.0740 | Rec: 1.1111 | Res: 147.0140 | Sty: 1.0005 | Idt: 0.2977 | Cyc: 3.8786
4.014514944449907
184 | D: 0.1807 | G: 152.7530 | Align: 0.0475 | Rec: 1.1775 | Res: 146.8975 | Sty: 0.9995 | Idt: 0.3308 | Cyc: 4.6642
3.9681433171776854
185 | D: 0.2138 | G: 151.2466 | Align: 0.0446 | Rec: 1.0355 | Res: 146.1084 | Sty: 0.9999 | Idt: 0.3079 | Cyc: 4.0892
4.444565876699221
186 | D: 0.2019 | G: 151.6995 | Align: 0.0667 | Rec: 1.0888 | Res: 146.2628 | Sty: 1.0000 | Idt: 0.3244 | Cyc: 4.3340
4.033281491844058
187 | D: 0.2219 | G: 153.1342 | Align: 0.0474 | Rec: 1.0385 | Res: 147.9979 | Sty: 1.0002 | Idt: 0.3139 | Cyc: 4.0841
4.41492150937201
188 | D: 0.1710 | G: 153.4512 | Align: 0.0581 | Rec: 1.2478 | Res: 147.7138 | Sty: 0.9996 | Idt: 0.3268 | Cyc: 4.4758
4.022954726813572
189 | D: 0.2179 | G: 150.7093 | Align: 0.0514 | Rec: 1.0853 | Res: 145.9268 | Sty: 1.0001 | Idt: 0.2883 | Cyc: 3.6838
4.029720156256622
190 | D: 0.2092 | G: 152.4154 | Align: 0.1542 | Rec: 1.1381 | Res: 146.4263 | Sty: 0.9998 | Idt: 0.3620 | Cyc: 4.8358
4.527110754507951
191 | D: 0.2169 | G: 152.2908 | Align: 0.0630 | Rec: 1.1440 | Res: 146.9295 | Sty: 1.0000 | Idt: 0.3103 | Cyc: 4.2036
4.49258930156986
192 | D: 0.2911 | G: 151.7012 | Align: 0.1792 | Rec: 1.0428 | Res: 146.4540 | Sty: 1.0003 | Idt: 0.3031 | Cyc: 4.1895
3.9687592012400112
193 | D: 0.1844 | G: 151.9020 | Align: 0.0322 | Rec: 1.0190 | Res: 145.9650 | Sty: 1.0000 | Idt: 0.3553 | Cyc: 4.9041
4.608115600637012
194 | D: 0.2903 | G: 151.2706 | Align: 0.1367 | Rec: 1.1061 | Res: 146.1218 | Sty: 1.0000 | Idt: 0.3027 | Cyc: 4.0283
4.135529147621007
195 | D: 0.2078 | G: 151.6526 | Align: 0.0526 | Rec: 1.0322 | Res: 146.0258 | Sty: 0.9997 | Idt: 0.3460 | Cyc: 4.5807
5.047634109345609
196 | D: 0.1844 | G: 152.7630 | Align: 0.1029 | Rec: 1.0963 | Res: 147.4533 | Sty: 1.0006 | Idt: 0.3110 | Cyc: 4.1993
4.464229265188356
197 | D: 0.1960 | G: 151.9859 | Align: 0.0549 | Rec: 1.2147 | Res: 145.9891 | Sty: 0.9998 | Idt: 0.3275 | Cyc: 4.7682
5.803567592677207
198 | D: 0.1938 | G: 152.5647 | Align: 0.0625 | Rec: 1.1701 | Res: 147.0468 | Sty: 1.0001 | Idt: 0.3191 | Cyc: 4.3339
3.994270026848917
199 | D: 0.2154 | G: 153.1100 | Align: 0.0710 | Rec: 1.3671 | Res: 147.5861 | Sty: 1.0002 | Idt: 0.2954 | Cyc: 4.1431
4.178746457025065
200 | D: 0.1812 | G: 152.0220 | Align: 0.0714 | Rec: 1.0267 | Res: 146.4479 | Sty: 1.0001 | Idt: 0.3362 | Cyc: 4.5333
3.9482565439088635
201 | D: 0.2188 | G: 150.6802 | Align: 0.0430 | Rec: 1.1903 | Res: 145.7440 | Sty: 1.0002 | Idt: 0.2826 | Cyc: 3.7327
4.632485789495382
202 | D: 0.1970 | G: 151.2340 | Align: 0.0693 | Rec: 1.0997 | Res: 145.9055 | Sty: 0.9997 | Idt: 0.3209 | Cyc: 4.2150
4.2724738121032715
203 | D: 0.3450 | G: 151.8390 | Align: 0.2064 | Rec: 1.1828 | Res: 145.9811 | Sty: 0.9999 | Idt: 0.3607 | Cyc: 4.6594
4.2882666112313315
204 | D: 0.1814 | G: 152.4353 | Align: 0.0810 | Rec: 1.0144 | Res: 147.4544 | Sty: 1.0001 | Idt: 0.3038 | Cyc: 3.9527
4.288141711376821
205 | D: 0.1860 | G: 151.5444 | Align: 0.0855 | Rec: 1.0516 | Res: 146.3638 | Sty: 1.0000 | Idt: 0.3090 | Cyc: 4.1151
3.9834283027842656
206 | D: 0.2352 | G: 150.9303 | Align: 0.0938 | Rec: 1.2553 | Res: 144.7784 | Sty: 1.0001 | Idt: 0.3578 | Cyc: 4.8820
6.848421541937831
207 | D: 0.1736 | G: 152.5203 | Align: 0.0784 | Rec: 1.1221 | Res: 147.3199 | Sty: 1.0001 | Idt: 0.3024 | Cyc: 4.0645
4.031617491309112
208 | D: 0.2020 | G: 152.1134 | Align: 0.0603 | Rec: 1.1849 | Res: 146.6155 | Sty: 0.9999 | Idt: 0.3209 | Cyc: 4.2992
3.9895858515882976
209 | D: 0.1928 | G: 152.4595 | Align: 0.0925 | Rec: 1.1659 | Res: 146.8932 | Sty: 1.0000 | Idt: 0.3321 | Cyc: 4.3861
4.2619235806187765
210 | D: 0.1894 | G: 152.3036 | Align: 0.0951 | Rec: 1.0117 | Res: 147.2375 | Sty: 0.9999 | Idt: 0.3202 | Cyc: 4.0402
4.7777464750841165
211 | D: 0.1828 | G: 152.2807 | Align: 0.0699 | Rec: 1.0722 | Res: 146.7296 | Sty: 1.0003 | Idt: 0.3415 | Cyc: 4.4647
4.613186030286611
212 | D: 0.1860 | G: 151.0919 | Align: 0.0552 | Rec: 1.1931 | Res: 145.2459 | Sty: 1.0003 | Idt: 0.3539 | Cyc: 4.6388
5.23790404296868
213 | D: 0.1949 | G: 150.8768 | Align: 0.0681 | Rec: 0.9854 | Res: 145.4976 | Sty: 0.9993 | Idt: 0.3246 | Cyc: 4.3799
3.9947161251818373
214 | D: 0.2034 | G: 150.8428 | Align: 0.1260 | Rec: 1.1203 | Res: 145.4108 | Sty: 0.9996 | Idt: 0.3155 | Cyc: 4.2973
4.055516338084213
215 | D: 0.2303 | G: 151.9923 | Align: 0.0869 | Rec: 1.1091 | Res: 146.0457 | Sty: 1.0004 | Idt: 0.3471 | Cyc: 4.8232
3.977053908429978
216 | D: 0.2214 | G: 151.8462 | Align: 0.0880 | Rec: 1.0531 | Res: 146.7825 | Sty: 1.0002 | Idt: 0.3062 | Cyc: 3.9966
3.978404051489227
217 | D: 0.1891 | G: 153.5332 | Align: 0.0564 | Rec: 1.0737 | Res: 148.0045 | Sty: 1.0003 | Idt: 0.3299 | Cyc: 4.4412
4.2180750576963275
218 | D: 0.1838 | G: 151.5237 | Align: 0.0597 | Rec: 1.1459 | Res: 145.6823 | Sty: 1.0000 | Idt: 0.3481 | Cyc: 4.6815
4.167807218220536
219 | D: 0.1682 | G: 153.0948 | Align: 0.0932 | Rec: 1.1381 | Res: 146.9317 | Sty: 0.9999 | Idt: 0.3617 | Cyc: 5.0105
4.0314517177483165
220 | D: 0.1817 | G: 152.1373 | Align: 0.0925 | Rec: 1.0785 | Res: 146.1651 | Sty: 1.0000 | Idt: 0.3615 | Cyc: 4.8791
4.390158481985358
221 | D: 0.1547 | G: 151.1738 | Align: 0.0992 | Rec: 1.0265 | Res: 146.2426 | Sty: 0.9997 | Idt: 0.2957 | Cyc: 3.8907
3.995703392742083
222 | D: 0.1945 | G: 152.4368 | Align: 0.1080 | Rec: 1.0614 | Res: 146.7353 | Sty: 0.9996 | Idt: 0.3460 | Cyc: 4.6256
4.648682532218024
223 | D: 0.1746 | G: 151.9275 | Align: 0.0588 | Rec: 1.1135 | Res: 146.6174 | Sty: 1.0002 | Idt: 0.3152 | Cyc: 4.1828
4.705340634422619
224 | D: 0.2761 | G: 153.8790 | Align: 0.1577 | Rec: 1.0720 | Res: 147.0172 | Sty: 0.9999 | Idt: 0.4069 | Cyc: 5.7741
5.001766173793339
225 | D: 0.2647 | G: 152.7872 | Align: 0.1869 | Rec: 1.0435 | Res: 146.8875 | Sty: 0.9995 | Idt: 0.3567 | Cyc: 4.8408
3.9534531733776173
226 | D: 0.1845 | G: 152.9614 | Align: 0.0874 | Rec: 1.2885 | Res: 146.8848 | Sty: 1.0001 | Idt: 0.3452 | Cyc: 4.7739
3.977522351625113
227 | D: 0.2311 | G: 152.3012 | Align: 0.1181 | Rec: 1.0847 | Res: 146.2293 | Sty: 0.9999 | Idt: 0.3512 | Cyc: 4.9725
4.432896482427145
228 | D: 0.2281 | G: 151.4953 | Align: 0.1745 | Rec: 1.0583 | Res: 145.9991 | Sty: 0.9999 | Idt: 0.3215 | Cyc: 4.4230
4.088338750000916
229 | D: 0.1947 | G: 152.5401 | Align: 0.0408 | Rec: 1.0357 | Res: 147.0530 | Sty: 1.0003 | Idt: 0.3286 | Cyc: 4.4376
4.008690802344325
230 | D: 0.1896 | G: 152.1957 | Align: 0.0591 | Rec: 1.2910 | Res: 146.7253 | Sty: 1.0003 | Idt: 0.3143 | Cyc: 4.1656
6.627369459756303
231 | D: 0.1903 | G: 152.2805 | Align: 0.0528 | Rec: 1.0870 | Res: 146.7700 | Sty: 1.0000 | Idt: 0.3271 | Cyc: 4.4098
4.256396978735814
232 | D: 0.1980 | G: 149.9405 | Align: 0.0653 | Rec: 1.0999 | Res: 144.7091 | Sty: 0.9998 | Idt: 0.3021 | Cyc: 4.1178
4.338726917022043
233 | D: 0.2097 | G: 151.2772 | Align: 0.0963 | Rec: 0.9934 | Res: 146.1593 | Sty: 1.0000 | Idt: 0.3181 | Cyc: 4.1104
4.056183444496007
234 | D: 0.1727 | G: 152.3400 | Align: 0.0839 | Rec: 1.0206 | Res: 146.9056 | Sty: 1.0004 | Idt: 0.3282 | Cyc: 4.3997
3.9849763988678033
235 | D: 0.1964 | G: 152.5900 | Align: 0.1006 | Rec: 1.0579 | Res: 147.3397 | Sty: 1.0004 | Idt: 0.3070 | Cyc: 4.1783
4.093473715355081
236 | D: 0.1993 | G: 149.1105 | Align: 0.0789 | Rec: 1.0038 | Res: 144.0344 | Sty: 0.9997 | Idt: 0.3020 | Cyc: 4.0585
4.1633841744860565
237 | D: 0.1832 | G: 152.2014 | Align: 0.0635 | Rec: 0.9551 | Res: 147.3634 | Sty: 0.9997 | Idt: 0.2903 | Cyc: 3.8694
4.121494755300239
238 | D: 0.1794 | G: 152.1977 | Align: 0.0852 | Rec: 0.9646 | Res: 146.7787 | Sty: 1.0001 | Idt: 0.3274 | Cyc: 4.4402
4.050416615310908
239 | D: 0.1706 | G: 151.7396 | Align: 0.0875 | Rec: 1.1216 | Res: 146.6813 | Sty: 1.0002 | Idt: 0.3071 | Cyc: 3.9228
4.062215083633873
240 | D: 0.1816 | G: 151.1357 | Align: 0.1046 | Rec: 1.0187 | Res: 146.2925 | Sty: 1.0002 | Idt: 0.2985 | Cyc: 3.8104
4.0979607578569945
241 | D: 0.1889 | G: 152.4068 | Align: 0.0978 | Rec: 1.0055 | Res: 147.2022 | Sty: 1.0000 | Idt: 0.3211 | Cyc: 4.1849
4.211566326690843
242 | D: 0.1844 | G: 152.6187 | Align: 0.1201 | Rec: 1.0215 | Res: 146.6152 | Sty: 0.9999 | Idt: 0.3743 | Cyc: 4.9671
4.6983630998423
243 | D: 0.2048 | G: 153.2567 | Align: 0.1843 | Rec: 0.9774 | Res: 147.4418 | Sty: 1.0001 | Idt: 0.3504 | Cyc: 4.8221
3.9759429392722176
244 | D: 0.1744 | G: 152.1695 | Align: 0.1446 | Rec: 0.9728 | Res: 147.0564 | Sty: 0.9998 | Idt: 0.3148 | Cyc: 4.1257
4.178716344736509
245 | D: 0.2508 | G: 151.6513 | Align: 0.2031 | Rec: 1.2134 | Res: 145.8450 | Sty: 1.0003 | Idt: 0.3451 | Cyc: 4.5774
4.293826694083456
246 | D: 0.1470 | G: 151.4403 | Align: 0.0944 | Rec: 0.9307 | Res: 146.5018 | Sty: 0.9999 | Idt: 0.2991 | Cyc: 3.9939
4.093599525294916
247 | D: 0.1667 | G: 150.1147 | Align: 0.0789 | Rec: 1.0761 | Res: 144.7654 | Sty: 1.0000 | Idt: 0.3123 | Cyc: 4.2593
4.266335193029952
248 | D: 0.1604 | G: 154.4941 | Align: 0.0814 | Rec: 0.9695 | Res: 148.8339 | Sty: 1.0000 | Idt: 0.3484 | Cyc: 4.6764
4.367138428921405
249 | D: 0.1617 | G: 151.8122 | Align: 0.0815 | Rec: 1.1491 | Res: 145.9557 | Sty: 1.0003 | Idt: 0.3421 | Cyc: 4.6932
4.574435395657301
250 | D: 0.1944 | G: 151.5692 | Align: 0.0869 | Rec: 0.9321 | Res: 145.9065 | Sty: 1.0003 | Idt: 0.3430 | Cyc: 4.7162
4.0533432938495615
251 | D: 0.2063 | G: 151.3927 | Align: 0.1445 | Rec: 1.0737 | Res: 146.0166 | Sty: 1.0003 | Idt: 0.3017 | Cyc: 4.2879
4.107618791134624
252 | D: 0.1633 | G: 151.4720 | Align: 0.0872 | Rec: 1.0320 | Res: 146.3934 | Sty: 1.0001 | Idt: 0.3117 | Cyc: 4.0326
4.379484603059369
253 | D: 0.2058 | G: 154.8100 | Align: 0.1435 | Rec: 1.0026 | Res: 149.3589 | Sty: 1.0002 | Idt: 0.3210 | Cyc: 4.4338
4.133861721827823
254 | D: 0.1896 | G: 152.9397 | Align: 0.0735 | Rec: 1.0559 | Res: 147.0604 | Sty: 0.9998 | Idt: 0.3477 | Cyc: 4.8093
4.085377889326735
255 | D: 0.1817 | G: 150.2244 | Align: 0.1708 | Rec: 0.9951 | Res: 145.8291 | Sty: 0.9999 | Idt: 0.2712 | Cyc: 3.3857
4.684399320368181
256 | D: 0.1751 | G: 151.2569 | Align: 0.0952 | Rec: 0.9660 | Res: 146.0113 | Sty: 1.0000 | Idt: 0.3154 | Cyc: 4.2655
4.27445628174124
257 | D: 0.1952 | G: 150.7806 | Align: 0.1262 | Rec: 1.0514 | Res: 145.5911 | Sty: 0.9997 | Idt: 0.3150 | Cyc: 4.1236
4.371291717553953
258 | D: 0.1664 | G: 151.3863 | Align: 0.1012 | Rec: 1.0569 | Res: 145.2164 | Sty: 1.0000 | Idt: 0.3671 | Cyc: 5.0983
4.3272675816262085
259 | D: 0.2033 | G: 151.1349 | Align: 0.1396 | Rec: 0.9868 | Res: 146.1901 | Sty: 1.0000 | Idt: 0.2973 | Cyc: 3.9436
4.1985951711596545
260 | D: 0.2629 | G: 152.6637 | Align: 0.1916 | Rec: 1.1697 | Res: 146.9921 | Sty: 0.9997 | Idt: 0.3234 | Cyc: 4.4867
4.282191979697977
261 | D: 0.1639 | G: 151.8497 | Align: 0.0842 | Rec: 0.9364 | Res: 146.1291 | Sty: 1.0000 | Idt: 0.3505 | Cyc: 4.7699
4.249722537351557
262 | D: 0.1784 | G: 152.3244 | Align: 0.1038 | Rec: 0.9698 | Res: 147.2524 | Sty: 1.0000 | Idt: 0.3069 | Cyc: 4.0881
4.338432068529772
263 | D: 0.2215 | G: 153.0468 | Align: 0.0949 | Rec: 0.9693 | Res: 147.8399 | Sty: 1.0000 | Idt: 0.3192 | Cyc: 4.2235
4.1640529995809965
264 | D: 0.2417 | G: 149.9111 | Align: 0.1701 | Rec: 0.9831 | Res: 144.7166 | Sty: 1.0000 | Idt: 0.3174 | Cyc: 4.1966
4.227320131942946
265 | D: 0.1903 | G: 152.3578 | Align: 0.1291 | Rec: 1.0313 | Res: 146.3975 | Sty: 1.0000 | Idt: 0.3641 | Cyc: 4.9140
4.267423977371949
266 | D: 0.2108 | G: 153.1022 | Align: 0.1449 | Rec: 0.9940 | Res: 147.5899 | Sty: 1.0002 | Idt: 0.3297 | Cyc: 4.5035
4.137358466674086
267 | D: 0.1927 | G: 151.6283 | Align: 0.1319 | Rec: 1.2065 | Res: 145.8955 | Sty: 1.0002 | Idt: 0.3273 | Cyc: 4.5117
4.209758098986231
268 | D: 0.1661 | G: 151.2518 | Align: 0.0894 | Rec: 0.9915 | Res: 145.6822 | Sty: 1.0001 | Idt: 0.3325 | Cyc: 4.5638
4.1146457703820225
269 | D: 0.2377 | G: 150.6903 | Align: 0.1939 | Rec: 0.9934 | Res: 145.1703 | Sty: 0.9997 | Idt: 0.3188 | Cyc: 4.5115
4.107752003498025
270 | D: 0.2129 | G: 151.0771 | Align: 0.1806 | Rec: 1.0226 | Res: 145.7663 | Sty: 1.0003 | Idt: 0.3130 | Cyc: 4.2732
4.073726241938625
271 | D: 0.1541 | G: 151.5957 | Align: 0.1244 | Rec: 0.8808 | Res: 146.4125 | Sty: 1.0000 | Idt: 0.3237 | Cyc: 4.2880
4.072931771133085
272 | D: 0.1743 | G: 152.3035 | Align: 0.1294 | Rec: 0.8864 | Res: 146.5377 | Sty: 0.9999 | Idt: 0.3460 | Cyc: 4.8646
4.209470229355802
273 | D: 0.2352 | G: 152.6566 | Align: 0.1263 | Rec: 0.9930 | Res: 146.9049 | Sty: 1.0001 | Idt: 0.3309 | Cyc: 4.7442
4.245520375111757
274 | D: 0.1601 | G: 151.8893 | Align: 0.1016 | Rec: 0.9511 | Res: 147.5211 | Sty: 1.0001 | Idt: 0.2676 | Cyc: 3.4033
4.150477065053783
275 | D: 0.1623 | G: 153.9482 | Align: 0.1342 | Rec: 1.0742 | Res: 148.6154 | Sty: 0.9999 | Idt: 0.2986 | Cyc: 4.2442
5.173154153101772
276 | D: 0.2062 | G: 152.4176 | Align: 0.1172 | Rec: 1.1268 | Res: 147.0522 | Sty: 0.9998 | Idt: 0.2976 | Cyc: 4.2244
4.912038252294229
277 | D: 0.1792 | G: 151.3173 | Align: 0.0889 | Rec: 1.0024 | Res: 146.0278 | Sty: 1.0001 | Idt: 0.3291 | Cyc: 4.2729
4.402143834150179
278 | D: 0.1488 | G: 151.3298 | Align: 0.1166 | Rec: 0.8917 | Res: 146.2456 | Sty: 1.0001 | Idt: 0.3126 | Cyc: 4.1782
4.1182912371275275
279 | D: 0.1603 | G: 153.2144 | Align: 0.1434 | Rec: 1.0086 | Res: 147.6635 | Sty: 1.0006 | Idt: 0.3237 | Cyc: 4.5276
4.979352344326255
280 | D: 0.1765 | G: 153.0492 | Align: 0.1505 | Rec: 0.9329 | Res: 147.0087 | Sty: 1.0000 | Idt: 0.3683 | Cyc: 5.0924
4.311368984088563
281 | D: 0.1727 | G: 151.5945 | Align: 0.0875 | Rec: 1.0224 | Res: 146.5610 | Sty: 0.9998 | Idt: 0.3027 | Cyc: 3.9972
4.083590686486368
282 | D: 0.1928 | G: 151.1380 | Align: 0.0868 | Rec: 0.9069 | Res: 145.9228 | Sty: 1.0000 | Idt: 0.3170 | Cyc: 4.2944
4.260251305660272
283 | D: 0.1659 | G: 151.3608 | Align: 0.1314 | Rec: 0.9249 | Res: 146.1010 | Sty: 0.9999 | Idt: 0.3171 | Cyc: 4.3205
4.198151226299071
284 | D: 0.1753 | G: 150.5024 | Align: 0.0674 | Rec: 0.9701 | Res: 145.6658 | Sty: 1.0000 | Idt: 0.2956 | Cyc: 3.8529
4.310295966853726
285 | D: 0.1624 | G: 150.5473 | Align: 0.1007 | Rec: 0.9672 | Res: 145.9507 | Sty: 0.9997 | Idt: 0.2820 | Cyc: 3.6156
4.546907879529127
286 | D: 0.1454 | G: 152.1775 | Align: 0.1517 | Rec: 0.8830 | Res: 146.8999 | Sty: 1.0002 | Idt: 0.3181 | Cyc: 4.3798
4.159195328463258
287 | D: 0.2067 | G: 150.9774 | Align: 0.1830 | Rec: 0.9221 | Res: 145.6904 | Sty: 1.0003 | Idt: 0.3171 | Cyc: 4.3499
4.16732722702449
288 | D: 0.1993 | G: 152.6344 | Align: 0.1554 | Rec: 0.9666 | Res: 147.3395 | Sty: 1.0000 | Idt: 0.3214 | Cyc: 4.3135
4.254324537895393
289 | D: 0.1467 | G: 150.7937 | Align: 0.1554 | Rec: 0.9080 | Res: 146.0184 | Sty: 1.0000 | Idt: 0.2934 | Cyc: 3.8529
4.199036892761484
290 | D: 0.2044 | G: 153.1340 | Align: 0.0845 | Rec: 0.9588 | Res: 146.9608 | Sty: 1.0000 | Idt: 0.3585 | Cyc: 5.2000
4.134235623580707
291 | D: 0.1663 | G: 151.6435 | Align: 0.1113 | Rec: 0.9641 | Res: 146.2931 | Sty: 1.0000 | Idt: 0.3196 | Cyc: 4.3721
4.218236138836058
292 | D: 0.1798 | G: 151.4127 | Align: 0.1167 | Rec: 0.9816 | Res: 145.9811 | Sty: 0.9999 | Idt: 0.3303 | Cyc: 4.4356
4.126813114735118
293 | D: 0.1869 | G: 151.8680 | Align: 0.1463 | Rec: 0.9424 | Res: 146.9740 | Sty: 1.0000 | Idt: 0.3022 | Cyc: 3.9371
4.159703464279104
294 | D: 0.1797 | G: 151.8710 | Align: 0.1053 | Rec: 0.9544 | Res: 146.5159 | Sty: 0.9999 | Idt: 0.3225 | Cyc: 4.3865
4.3179958789082225
295 | D: 0.1620 | G: 151.3644 | Align: 0.1295 | Rec: 0.8967 | Res: 146.0040 | Sty: 1.0001 | Idt: 0.3254 | Cyc: 4.4492
4.271027863080702
296 | D: 0.1595 | G: 154.0891 | Align: 0.1630 | Rec: 0.9495 | Res: 148.7621 | Sty: 0.9999 | Idt: 0.3189 | Cyc: 4.3626
4.224243426036747
297 | D: 0.1517 | G: 151.1472 | Align: 0.1425 | Rec: 0.9669 | Res: 146.0961 | Sty: 1.0000 | Idt: 0.2993 | Cyc: 4.0698
4.1502833577734615
298 | D: 0.1594 | G: 151.7258 | Align: 0.0952 | Rec: 0.9164 | Res: 146.6610 | Sty: 0.9997 | Idt: 0.3175 | Cyc: 4.1343
4.204591499691414
299 | D: 0.2459 | G: 151.6002 | Align: 0.1957 | Rec: 0.9872 | Res: 146.6835 | Sty: 0.9998 | Idt: 0.3048 | Cyc: 3.9146
4.581628017918665
300 | D: 0.2006 | G: 151.0374 | Align: 0.1436 | Rec: 0.9147 | Res: 146.0970 | Sty: 0.9997 | Idt: 0.3125 | Cyc: 4.0111
4.327921733301432
301 | D: 0.1671 | G: 151.2343 | Align: 0.0898 | Rec: 0.8875 | Res: 146.3002 | Sty: 1.0001 | Idt: 0.3033 | Cyc: 4.0325
4.183703542526189
302 | D: 0.1696 | G: 150.4856 | Align: 0.0789 | Rec: 0.8008 | Res: 146.2147 | Sty: 1.0002 | Idt: 0.2713 | Cyc: 3.4566
4.190769367931292
303 | D: 0.1647 | G: 151.5239 | Align: 0.1299 | Rec: 0.9879 | Res: 145.6072 | Sty: 1.0000 | Idt: 0.3591 | Cyc: 4.9139
4.221983261936149
304 | D: 0.1945 | G: 153.3452 | Align: 0.1447 | Rec: 0.8879 | Res: 147.3733 | Sty: 0.9999 | Idt: 0.3576 | Cyc: 5.0690
4.169172826346048
305 | D: 0.1822 | G: 149.9211 | Align: 0.1033 | Rec: 0.8760 | Res: 145.4559 | Sty: 1.0001 | Idt: 0.2820 | Cyc: 3.5753
4.240798865659085
306 | D: 0.1744 | G: 151.2376 | Align: 0.1023 | Rec: 0.9816 | Res: 145.7225 | Sty: 1.0000 | Idt: 0.3297 | Cyc: 4.5191
4.212257555867386
307 | D: 0.1834 | G: 152.4484 | Align: 0.1813 | Rec: 0.9398 | Res: 147.7911 | Sty: 1.0001 | Idt: 0.2835 | Cyc: 3.7029
4.2066706686468995
308 | D: 0.1660 | G: 152.2184 | Align: 0.1409 | Rec: 0.9908 | Res: 147.4766 | Sty: 1.0000 | Idt: 0.2891 | Cyc: 3.7367
4.577590407426998
309 | D: 0.1773 | G: 151.2513 | Align: 0.1000 | Rec: 0.9129 | Res: 146.6527 | Sty: 1.0001 | Idt: 0.2889 | Cyc: 3.6718
4.243782761134379
310 | D: 0.1248 | G: 153.6075 | Align: 0.1423 | Rec: 0.9554 | Res: 148.6334 | Sty: 1.0000 | Idt: 0.3083 | Cyc: 4.0043
4.267701215691184
311 | D: 0.1738 | G: 151.7442 | Align: 0.1651 | Rec: 0.8591 | Res: 147.7351 | Sty: 1.0000 | Idt: 0.2577 | Cyc: 3.1358
4.20551733363038
312 | D: 0.1779 | G: 151.3019 | Align: 0.1333 | Rec: 0.8636 | Res: 146.4101 | Sty: 1.0001 | Idt: 0.2992 | Cyc: 4.0139
4.210806799507317
313 | D: 0.2083 | G: 151.9438 | Align: 0.1817 | Rec: 0.9614 | Res: 146.3256 | Sty: 1.0000 | Idt: 0.3372 | Cyc: 4.6417
4.2697106054945335
314 | D: 0.1944 | G: 150.8891 | Align: 0.1500 | Rec: 0.8820 | Res: 146.0013 | Sty: 1.0001 | Idt: 0.3032 | Cyc: 3.9913
4.225313684396577
315 | D: 0.1748 | G: 150.6788 | Align: 0.1073 | Rec: 0.9684 | Res: 145.2083 | Sty: 1.0000 | Idt: 0.3287 | Cyc: 4.4877
4.344458514413455
316 | D: 0.1882 | G: 150.1192 | Align: 0.1478 | Rec: 0.8292 | Res: 145.2447 | Sty: 1.0000 | Idt: 0.3073 | Cyc: 4.0308
4.252963865012453
317 | D: 0.1512 | G: 151.8795 | Align: 0.1112 | Rec: 0.9592 | Res: 146.6678 | Sty: 1.0000 | Idt: 0.3110 | Cyc: 4.2383
4.209661810461944
318 | D: 0.1546 | G: 151.1754 | Align: 0.1632 | Rec: 0.9671 | Res: 145.4012 | Sty: 1.0000 | Idt: 0.3436 | Cyc: 4.7919
4.18430639017762
319 | D: 0.1539 | G: 151.9835 | Align: 0.1363 | Rec: 1.0176 | Res: 145.6637 | Sty: 1.0001 | Idt: 0.3692 | Cyc: 5.2872
4.224393051637066
320 | D: 0.1426 | G: 151.7429 | Align: 0.1682 | Rec: 0.8756 | Res: 146.5471 | Sty: 1.0000 | Idt: 0.3244 | Cyc: 4.3053
4.22718949199053
321 | D: 0.1852 | G: 151.2892 | Align: 0.1172 | Rec: 0.9873 | Res: 145.8155 | Sty: 1.0000 | Idt: 0.3281 | Cyc: 4.4720
4.22489497910356
322 | D: 0.1469 | G: 151.9718 | Align: 0.1322 | Rec: 0.8671 | Res: 147.0548 | Sty: 1.0000 | Idt: 0.3091 | Cyc: 4.0355
4.1839414001721975
323 | D: 0.2109 | G: 150.9813 | Align: 0.1906 | Rec: 0.9248 | Res: 145.9537 | Sty: 1.0000 | Idt: 0.3199 | Cyc: 4.0877
4.629190918701397
324 | D: 0.1486 | G: 151.1980 | Align: 0.1253 | Rec: 0.9175 | Res: 145.6477 | Sty: 1.0000 | Idt: 0.3387 | Cyc: 4.6181
4.1953229957009945
325 | D: 0.1542 | G: 149.3149 | Align: 0.1223 | Rec: 0.8879 | Res: 144.2291 | Sty: 1.0000 | Idt: 0.3094 | Cyc: 4.1836
4.193066142602641
326 | D: 0.1637 | G: 151.3526 | Align: 0.1650 | Rec: 0.9174 | Res: 146.2870 | Sty: 1.0000 | Idt: 0.3209 | Cyc: 4.1333
4.3938282108483
327 | D: 0.1580 | G: 152.4371 | Align: 0.1338 | Rec: 0.9217 | Res: 146.5914 | Sty: 1.0001 | Idt: 0.3537 | Cyc: 4.9091
4.208714538884185
328 | D: 0.1546 | G: 152.3808 | Align: 0.1530 | Rec: 0.8930 | Res: 147.3104 | Sty: 1.0000 | Idt: 0.3102 | Cyc: 4.1628
4.21295803251469
329 | D: 0.1915 | G: 149.8659 | Align: 0.1181 | Rec: 0.9129 | Res: 145.3774 | Sty: 1.0001 | Idt: 0.2868 | Cyc: 3.5616
4.2883794783225015
330 | D: 0.1686 | G: 151.8463 | Align: 0.1098 | Rec: 0.9080 | Res: 146.6130 | Sty: 1.0000 | Idt: 0.3290 | Cyc: 4.3109
4.265591153807917
331 | D: 0.1500 | G: 153.0531 | Align: 0.1345 | Rec: 0.8880 | Res: 147.6668 | Sty: 1.0000 | Idt: 0.3337 | Cyc: 4.4837
4.2282185930954785
332 | D: 0.1682 | G: 151.7313 | Align: 0.1097 | Rec: 0.8389 | Res: 147.1372 | Sty: 1.0000 | Idt: 0.2940 | Cyc: 3.7411
4.252708425592298
333 | D: 0.1556 | G: 152.5146 | Align: 0.1511 | Rec: 0.9177 | Res: 147.2756 | Sty: 1.0001 | Idt: 0.3299 | Cyc: 4.3065
4.22597841212624
334 | D: 0.1387 | G: 151.0431 | Align: 0.1297 | Rec: 0.8705 | Res: 146.7226 | Sty: 1.0000 | Idt: 0.2812 | Cyc: 3.4359
4.229845192513857
335 | D: 0.1698 | G: 150.4105 | Align: 0.1207 | Rec: 0.8875 | Res: 145.6188 | Sty: 1.0001 | Idt: 0.2950 | Cyc: 3.8901
4.2517141014585205
336 | D: 0.1653 | G: 151.9882 | Align: 0.1593 | Rec: 0.9152 | Res: 146.3958 | Sty: 1.0000 | Idt: 0.3432 | Cyc: 4.6621
4.22263730662021
337 | D: 0.1698 | G: 151.4330 | Align: 0.0974 | Rec: 0.9496 | Res: 145.9958 | Sty: 1.0000 | Idt: 0.3296 | Cyc: 4.4733
4.2197345672441875
338 | D: 0.1843 | G: 151.7742 | Align: 0.1769 | Rec: 0.8670 | Res: 146.7856 | Sty: 1.0000 | Idt: 0.3094 | Cyc: 4.1067
4.224462815158805
339 | D: 0.1379 | G: 152.0016 | Align: 0.1447 | Rec: 0.9120 | Res: 146.6624 | Sty: 1.0001 | Idt: 0.3232 | Cyc: 4.4125
4.271455368506942
340 | D: 0.1394 | G: 150.5729 | Align: 0.1837 | Rec: 0.8628 | Res: 145.4923 | Sty: 1.0000 | Idt: 0.3202 | Cyc: 4.2027
4.232812230716892
341 | D: 0.1611 | G: 151.4663 | Align: 0.1493 | Rec: 0.8884 | Res: 146.8150 | Sty: 1.0000 | Idt: 0.2925 | Cyc: 3.7484
4.259648118983345
342 | D: 0.1720 | G: 151.0941 | Align: 0.1316 | Rec: 0.9959 | Res: 145.5877 | Sty: 1.0000 | Idt: 0.3329 | Cyc: 4.4958
4.266162998458355
343 | D: 0.1690 | G: 152.3869 | Align: 0.1479 | Rec: 0.8527 | Res: 146.9696 | Sty: 1.0001 | Idt: 0.3410 | Cyc: 4.5496
4.202976953069699
344 | D: 0.1533 | G: 153.4402 | Align: 0.1328 | Rec: 0.9162 | Res: 147.8056 | Sty: 1.0000 | Idt: 0.3385 | Cyc: 4.7038
4.279951495366964
345 | D: 0.1466 | G: 151.8396 | Align: 0.1314 | Rec: 0.9548 | Res: 146.3857 | Sty: 1.0000 | Idt: 0.3311 | Cyc: 4.4846
4.212970540574163
346 | D: 0.1789 | G: 152.2612 | Align: 0.1017 | Rec: 0.9288 | Res: 146.7073 | Sty: 1.0000 | Idt: 0.3375 | Cyc: 4.6107
4.315634052729233
347 | D: 0.1474 | G: 150.9654 | Align: 0.1589 | Rec: 0.9323 | Res: 145.6016 | Sty: 1.0000 | Idt: 0.3268 | Cyc: 4.4166
4.279755321125795
348 | D: 0.1703 | G: 149.9008 | Align: 0.1051 | Rec: 0.8941 | Res: 144.5107 | Sty: 0.9999 | Idt: 0.3358 | Cyc: 4.4816
4.2305799140384215
349 | D: 0.1239 | G: 151.1460 | Align: 0.1607 | Rec: 0.9652 | Res: 146.3093 | Sty: 0.9999 | Idt: 0.2966 | Cyc: 3.8569
4.23500581505336
350 | D: 0.1772 | G: 150.5042 | Align: 0.1305 | Rec: 0.8986 | Res: 145.4042 | Sty: 0.9999 | Idt: 0.3197 | Cyc: 4.1869
4.251474057538357
351 | D: 0.1650 | G: 152.5827 | Align: 0.1509 | Rec: 0.9515 | Res: 147.4143 | Sty: 1.0000 | Idt: 0.3152 | Cyc: 4.2022
4.30353515167976
352 | D: 0.1400 | G: 152.4828 | Align: 0.1433 | Rec: 0.9214 | Res: 147.2031 | Sty: 1.0001 | Idt: 0.3197 | Cyc: 4.3436
4.228935602078918
353 | D: 0.1355 | G: 152.7105 | Align: 0.1465 | Rec: 0.8152 | Res: 147.4311 | Sty: 1.0000 | Idt: 0.3334 | Cyc: 4.4494
4.222280355701816
354 | D: 0.1396 | G: 151.4488 | Align: 0.1192 | Rec: 0.8966 | Res: 146.3722 | Sty: 1.0000 | Idt: 0.3158 | Cyc: 4.1657
4.263381870169389
355 | D: 0.1552 | G: 153.8238 | Align: 0.1838 | Rec: 0.9207 | Res: 148.6859 | Sty: 1.0001 | Idt: 0.3204 | Cyc: 4.2021
4.251358090785512
356 | D: 0.1340 | G: 150.7165 | Align: 0.1697 | Rec: 0.8902 | Res: 145.9137 | Sty: 1.0001 | Idt: 0.3070 | Cyc: 3.8979
4.253991949701353
357 | D: 0.1810 | G: 150.4003 | Align: 0.1614 | Rec: 0.8996 | Res: 144.7358 | Sty: 0.9999 | Idt: 0.3459 | Cyc: 4.7498
4.226216465262275
358 | D: 0.1321 | G: 151.9192 | Align: 0.1528 | Rec: 0.8484 | Res: 147.1413 | Sty: 0.9999 | Idt: 0.2988 | Cyc: 3.9150
4.263644388397865
359 | D: 0.1620 | G: 152.2467 | Align: 0.1349 | Rec: 0.9422 | Res: 147.2092 | Sty: 1.0000 | Idt: 0.3121 | Cyc: 4.0808
4.240875064280996
360 | D: 0.1537 | G: 150.9756 | Align: 0.1511 | Rec: 0.9231 | Res: 145.8425 | Sty: 0.9999 | Idt: 0.3194 | Cyc: 4.1954
4.2407655154569
361 | D: 0.1703 | G: 151.5052 | Align: 0.1339 | Rec: 0.8614 | Res: 146.2306 | Sty: 1.0000 | Idt: 0.3247 | Cyc: 4.3987
4.279361175588184
362 | D: 0.1592 | G: 150.4642 | Align: 0.1145 | Rec: 0.9469 | Res: 145.2455 | Sty: 1.0000 | Idt: 0.3226 | Cyc: 4.2575
4.244664212453178
363 | D: 0.1467 | G: 150.8609 | Align: 0.1110 | Rec: 0.8682 | Res: 145.5850 | Sty: 0.9999 | Idt: 0.3252 | Cyc: 4.3933
4.314461014607606
364 | D: 0.1625 | G: 151.0335 | Align: 0.1354 | Rec: 0.8609 | Res: 145.8392 | Sty: 1.0000 | Idt: 0.3223 | Cyc: 4.3189
4.291224867793441
365 | D: 0.1766 | G: 150.1435 | Align: 0.1606 | Rec: 0.8205 | Res: 145.2543 | Sty: 1.0000 | Idt: 0.3093 | Cyc: 4.0540
4.229981048615685
366 | D: 0.1724 | G: 151.9827 | Align: 0.1127 | Rec: 0.8225 | Res: 147.0955 | Sty: 1.0000 | Idt: 0.3144 | Cyc: 4.0504
4.241924872138604
367 | D: 0.1590 | G: 150.9320 | Align: 0.1081 | Rec: 0.8946 | Res: 145.7302 | Sty: 0.9999 | Idt: 0.3256 | Cyc: 4.2929
4.259051517546452
368 | D: 0.1601 | G: 149.8690 | Align: 0.1592 | Rec: 0.8993 | Res: 145.4112 | Sty: 1.0001 | Idt: 0.2752 | Cyc: 3.5442
4.242805992137032
369 | D: 0.1767 | G: 151.8382 | Align: 0.1144 | Rec: 0.8749 | Res: 146.9835 | Sty: 1.0001 | Idt: 0.3044 | Cyc: 3.9656
4.2299351236496605
370 | D: 0.1411 | G: 152.9336 | Align: 0.1485 | Rec: 0.9076 | Res: 147.3234 | Sty: 1.0000 | Idt: 0.3398 | Cyc: 4.6877
4.243439957705891
371 | D: 0.1352 | G: 152.6758 | Align: 0.1497 | Rec: 0.8223 | Res: 147.0812 | Sty: 1.0000 | Idt: 0.3505 | Cyc: 4.7573
4.244849455323576
372 | D: 0.1634 | G: 151.8553 | Align: 0.1369 | Rec: 0.9342 | Res: 146.5649 | Sty: 1.0000 | Idt: 0.3268 | Cyc: 4.3415
4.241678095920594
373 | D: 0.1750 | G: 152.3092 | Align: 0.1395 | Rec: 0.8708 | Res: 147.4445 | Sty: 1.0000 | Idt: 0.3071 | Cyc: 3.9795
4.241000370745954
374 | D: 0.1442 | G: 152.3849 | Align: 0.1739 | Rec: 0.9181 | Res: 147.3713 | Sty: 1.0000 | Idt: 0.3176 | Cyc: 4.0806
4.253163013651981
375 | D: 0.1627 | G: 150.6715 | Align: 0.1619 | Rec: 0.8959 | Res: 145.4461 | Sty: 1.0000 | Idt: 0.3314 | Cyc: 4.3146
4.264351859097116
376 | D: 0.1395 | G: 152.1676 | Align: 0.1180 | Rec: 0.9051 | Res: 147.1689 | Sty: 1.0000 | Idt: 0.3112 | Cyc: 4.0793
4.247687511276781
377 | D: 0.1390 | G: 152.9950 | Align: 0.1898 | Rec: 0.8412 | Res: 147.8502 | Sty: 1.0000 | Idt: 0.3230 | Cyc: 4.2885
4.240249495537107
378 | D: 0.1618 | G: 152.4070 | Align: 0.1714 | Rec: 0.8708 | Res: 146.6256 | Sty: 1.0000 | Idt: 0.3506 | Cyc: 4.8954
4.2526550370019995
379 | D: 0.1950 | G: 150.3246 | Align: 0.1278 | Rec: 0.8788 | Res: 144.9760 | Sty: 1.0000 | Idt: 0.3348 | Cyc: 4.4551
4.2414077440017035
380 | D: 0.1392 | G: 150.1418 | Align: 0.1791 | Rec: 0.9513 | Res: 144.8746 | Sty: 1.0000 | Idt: 0.3230 | Cyc: 4.3008
4.247888067532554
381 | D: 0.1465 | G: 151.5626 | Align: 0.1313 | Rec: 0.8900 | Res: 146.4424 | Sty: 1.0000 | Idt: 0.3222 | Cyc: 4.2156
4.254052716719257
382 | D: 0.1498 | G: 150.7895 | Align: 0.1511 | Rec: 0.9427 | Res: 145.5134 | Sty: 1.0000 | Idt: 0.3272 | Cyc: 4.3187
4.253056775609982
383 | D: 0.1424 | G: 151.4518 | Align: 0.1346 | Rec: 0.8783 | Res: 146.2265 | Sty: 1.0000 | Idt: 0.3234 | Cyc: 4.3323
4.242955981199101
384 | D: 0.1552 | G: 151.9794 | Align: 0.1714 | Rec: 0.8872 | Res: 146.5039 | Sty: 1.0000 | Idt: 0.3376 | Cyc: 4.5732
4.249877787472909
385 | D: 0.1537 | G: 151.0089 | Align: 0.1597 | Rec: 0.8440 | Res: 145.9325 | Sty: 1.0000 | Idt: 0.3186 | Cyc: 4.2177
4.229165015568474
386 | D: 0.1525 | G: 153.6918 | Align: 0.1591 | Rec: 0.8250 | Res: 148.4404 | Sty: 1.0000 | Idt: 0.3323 | Cyc: 4.4115
4.245571130750802
387 | D: 0.1784 | G: 151.9910 | Align: 0.1354 | Rec: 0.8915 | Res: 147.5233 | Sty: 1.0000 | Idt: 0.2834 | Cyc: 3.5619
4.247468963774508
388 | D: 0.1195 | G: 151.3283 | Align: 0.2083 | Rec: 0.8621 | Res: 145.9706 | Sty: 1.0000 | Idt: 0.3407 | Cyc: 4.4801
4.242518466375321
389 | D: 0.1954 | G: 151.2637 | Align: 0.1473 | Rec: 0.9144 | Res: 145.8092 | Sty: 1.0000 | Idt: 0.3345 | Cyc: 4.5254
4.252584891746359
390 | D: 0.1741 | G: 151.9642 | Align: 0.1654 | Rec: 0.8418 | Res: 147.2997 | Sty: 1.0000 | Idt: 0.3011 | Cyc: 3.8080
4.238115674791134
391 | D: 0.1397 | G: 151.3596 | Align: 0.1484 | Rec: 0.9164 | Res: 146.0637 | Sty: 1.0000 | Idt: 0.3232 | Cyc: 4.3647
4.237072306436625
392 | D: 0.1384 | G: 153.3581 | Align: 0.1395 | Rec: 0.8481 | Res: 148.3366 | Sty: 1.0000 | Idt: 0.3121 | Cyc: 4.1589
4.245216686639759
393 | D: 0.1567 | G: 151.0029 | Align: 0.1048 | Rec: 0.8200 | Res: 145.9916 | Sty: 1.0000 | Idt: 0.3160 | Cyc: 4.1771
4.242539678584175
394 | D: 0.1583 | G: 152.1282 | Align: 0.1350 | Rec: 0.8442 | Res: 146.8253 | Sty: 1.0000 | Idt: 0.3326 | Cyc: 4.4440
4.24050749680122
395 | D: 0.1363 | G: 151.8976 | Align: 0.1791 | Rec: 0.8640 | Res: 147.0682 | Sty: 1.0000 | Idt: 0.3059 | Cyc: 3.9505
4.2432945661817785
396 | D: 0.1619 | G: 150.2827 | Align: 0.1365 | Rec: 0.7779 | Res: 145.4131 | Sty: 1.0000 | Idt: 0.3122 | Cyc: 4.0773
4.245105369379425
397 | D: 0.1709 | G: 150.3689 | Align: 0.1120 | Rec: 0.8532 | Res: 146.0706 | Sty: 1.0000 | Idt: 0.2800 | Cyc: 3.4312
4.242027472260916
398 | D: 0.1791 | G: 149.8852 | Align: 0.1326 | Rec: 0.8236 | Res: 145.1100 | Sty: 1.0000 | Idt: 0.3013 | Cyc: 3.9373
4.243166340355067
399 | D: 0.1498 | G: 149.5717 | Align: 0.1309 | Rec: 0.8680 | Res: 144.2763 | Sty: 1.0000 | Idt: 0.3297 | Cyc: 4.4127
4.242751189105949
